[main] INFO  com.restapi.base.LoggerClass  - URL: http://localhost:8084//projects
[main] DEBUG org.apache.http.impl.conn.BasicClientConnectionManager  - Get connection for route {}->http://localhost:8084
[main] DEBUG org.apache.http.impl.conn.DefaultClientConnectionOperator  - Connecting to localhost:8084
[main] DEBUG org.apache.http.client.protocol.RequestAddCookies  - CookieSpec selected: ignoreCookies
[main] DEBUG org.apache.http.client.protocol.RequestAuthCache  - Auth cache not set in the context
[main] DEBUG org.apache.http.client.protocol.RequestTargetAuthentication  - Target auth state: UNCHALLENGED
[main] DEBUG org.apache.http.client.protocol.RequestProxyAuthentication  - Proxy auth state: UNCHALLENGED
[main] DEBUG org.apache.http.impl.client.DefaultHttpClient  - Attempt 1 to execute request
[main] DEBUG org.apache.http.impl.conn.DefaultClientConnection  - Sending request: GET /%2F%2Fprojects HTTP/1.1
[main] DEBUG org.apache.http.wire  -  >> "GET /%2F%2Fprojects HTTP/1.1[\r][\n]"
[main] DEBUG org.apache.http.wire  -  >> "Accept: */*[\r][\n]"
[main] DEBUG org.apache.http.wire  -  >> "Host: localhost:8084[\r][\n]"
[main] DEBUG org.apache.http.wire  -  >> "Connection: Keep-Alive[\r][\n]"
[main] DEBUG org.apache.http.wire  -  >> "User-Agent: Apache-HttpClient/4.5.3 (Java/1.8.0_301)[\r][\n]"
[main] DEBUG org.apache.http.wire  -  >> "Accept-Encoding: gzip,deflate[\r][\n]"
[main] DEBUG org.apache.http.wire  -  >> "[\r][\n]"
[main] DEBUG org.apache.http.headers  - >> GET /%2F%2Fprojects HTTP/1.1
[main] DEBUG org.apache.http.headers  - >> Accept: */*
[main] DEBUG org.apache.http.headers  - >> Host: localhost:8084
[main] DEBUG org.apache.http.headers  - >> Connection: Keep-Alive
[main] DEBUG org.apache.http.headers  - >> User-Agent: Apache-HttpClient/4.5.3 (Java/1.8.0_301)
[main] DEBUG org.apache.http.headers  - >> Accept-Encoding: gzip,deflate
[main] DEBUG org.apache.http.wire  -  << "HTTP/1.1 400 [\r][\n]"
[main] DEBUG org.apache.http.wire  -  << "Content-Type: text/html;charset=utf-8[\r][\n]"
[main] DEBUG org.apache.http.wire  -  << "Content-Language: en[\r][\n]"
[main] DEBUG org.apache.http.wire  -  << "Content-Length: 435[\r][\n]"
[main] DEBUG org.apache.http.wire  -  << "Date: Tue, 16 Nov 2021 14:59:05 GMT[\r][\n]"
[main] DEBUG org.apache.http.wire  -  << "Connection: close[\r][\n]"
[main] DEBUG org.apache.http.wire  -  << "[\r][\n]"
[main] DEBUG org.apache.http.impl.conn.DefaultClientConnection  - Receiving response: HTTP/1.1 400 
[main] DEBUG org.apache.http.headers  - << HTTP/1.1 400 
[main] DEBUG org.apache.http.headers  - << Content-Type: text/html;charset=utf-8
[main] DEBUG org.apache.http.headers  - << Content-Language: en
[main] DEBUG org.apache.http.headers  - << Content-Length: 435
[main] DEBUG org.apache.http.headers  - << Date: Tue, 16 Nov 2021 14:59:05 GMT
[main] DEBUG org.apache.http.headers  - << Connection: close
[main] DEBUG io.restassured.internal.RequestSpecificationImpl$RestAssuredHttpBuilder  - Parsing response as: text/html;charset=utf-8
[main] DEBUG io.restassured.internal.RequestSpecificationImpl$RestAssuredHttpBuilder  - Parsed data to instance of: class org.apache.http.conn.EofSensorInputStream
[main] DEBUG org.apache.http.wire  -  << "<!doctype html><html lang="en"><head><title>HTTP Status 400 [0xe2][0x80][0x93] Bad Request</title><style type="text/css">body {font-family:Tahoma,Arial,sans-serif;} h1, h2, h3, b {color:white;background-color:#525D76;} h1 {font-size:22px;} h2 {font-size:16px;} h3 {font-size:14px;} p {font-size:12px;} a {color:black;} .line {height:1px;background-color:#525D76;border:none;}</style></head><body><h1>HTTP Status 400 [0xe2][0x80][0x93] Bad Request</h1></body></html>"
[main] DEBUG org.apache.http.impl.conn.BasicClientConnectionManager  - Releasing connection org.apache.http.impl.conn.ManagedClientConnectionImpl@30ed9c6c
[main] DEBUG org.apache.http.impl.conn.DefaultClientConnection  - Connection 0.0.0.0:60393<->127.0.0.1:8084 shut down
[main] INFO  com.restapi.base.LoggerClass  - URL: http://localhost:8084/projects
[main] DEBUG org.apache.http.impl.conn.BasicClientConnectionManager  - Get connection for route {}->http://localhost:8084
[main] DEBUG org.apache.http.impl.conn.DefaultClientConnectionOperator  - Connecting to localhost:8084
[main] DEBUG org.apache.http.client.protocol.RequestAddCookies  - CookieSpec selected: ignoreCookies
[main] DEBUG org.apache.http.client.protocol.RequestAuthCache  - Auth cache not set in the context
[main] DEBUG org.apache.http.client.protocol.RequestTargetAuthentication  - Target auth state: UNCHALLENGED
[main] DEBUG org.apache.http.client.protocol.RequestProxyAuthentication  - Proxy auth state: UNCHALLENGED
[main] DEBUG org.apache.http.impl.client.DefaultHttpClient  - Attempt 1 to execute request
[main] DEBUG org.apache.http.impl.conn.DefaultClientConnection  - Sending request: GET /projects HTTP/1.1
[main] DEBUG org.apache.http.wire  -  >> "GET /projects HTTP/1.1[\r][\n]"
[main] DEBUG org.apache.http.wire  -  >> "Accept: */*[\r][\n]"
[main] DEBUG org.apache.http.wire  -  >> "Host: localhost:8084[\r][\n]"
[main] DEBUG org.apache.http.wire  -  >> "Connection: Keep-Alive[\r][\n]"
[main] DEBUG org.apache.http.wire  -  >> "User-Agent: Apache-HttpClient/4.5.3 (Java/1.8.0_301)[\r][\n]"
[main] DEBUG org.apache.http.wire  -  >> "Accept-Encoding: gzip,deflate[\r][\n]"
[main] DEBUG org.apache.http.wire  -  >> "[\r][\n]"
[main] DEBUG org.apache.http.headers  - >> GET /projects HTTP/1.1
[main] DEBUG org.apache.http.headers  - >> Accept: */*
[main] DEBUG org.apache.http.headers  - >> Host: localhost:8084
[main] DEBUG org.apache.http.headers  - >> Connection: Keep-Alive
[main] DEBUG org.apache.http.headers  - >> User-Agent: Apache-HttpClient/4.5.3 (Java/1.8.0_301)
[main] DEBUG org.apache.http.headers  - >> Accept-Encoding: gzip,deflate
[main] DEBUG org.apache.http.wire  -  << "HTTP/1.1 200 [\r][\n]"
[main] DEBUG org.apache.http.wire  -  << "Vary: Origin[\r][\n]"
[main] DEBUG org.apache.http.wire  -  << "Vary: Access-Control-Request-Method[\r][\n]"
[main] DEBUG org.apache.http.wire  -  << "Vary: Access-Control-Request-Headers[\r][\n]"
[main] DEBUG org.apache.http.wire  -  << "X-Content-Type-Options: nosniff[\r][\n]"
[main] DEBUG org.apache.http.wire  -  << "X-XSS-Protection: 1; mode=block[\r][\n]"
[main] DEBUG org.apache.http.wire  -  << "Cache-Control: no-cache, no-store, max-age=0, must-revalidate[\r][\n]"
[main] DEBUG org.apache.http.wire  -  << "Pragma: no-cache[\r][\n]"
[main] DEBUG org.apache.http.wire  -  << "Expires: 0[\r][\n]"
[main] DEBUG org.apache.http.wire  -  << "X-Frame-Options: DENY[\r][\n]"
[main] DEBUG org.apache.http.wire  -  << "Content-Type: application/json[\r][\n]"
[main] DEBUG org.apache.http.wire  -  << "Transfer-Encoding: chunked[\r][\n]"
[main] DEBUG org.apache.http.wire  -  << "Date: Tue, 16 Nov 2021 14:59:29 GMT[\r][\n]"
[main] DEBUG org.apache.http.wire  -  << "Keep-Alive: timeout=60[\r][\n]"
[main] DEBUG org.apache.http.wire  -  << "Connection: keep-alive[\r][\n]"
[main] DEBUG org.apache.http.wire  -  << "[\r][\n]"
[main] DEBUG org.apache.http.impl.conn.DefaultClientConnection  - Receiving response: HTTP/1.1 200 
[main] DEBUG org.apache.http.headers  - << HTTP/1.1 200 
[main] DEBUG org.apache.http.headers  - << Vary: Origin
[main] DEBUG org.apache.http.headers  - << Vary: Access-Control-Request-Method
[main] DEBUG org.apache.http.headers  - << Vary: Access-Control-Request-Headers
[main] DEBUG org.apache.http.headers  - << X-Content-Type-Options: nosniff
[main] DEBUG org.apache.http.headers  - << X-XSS-Protection: 1; mode=block
[main] DEBUG org.apache.http.headers  - << Cache-Control: no-cache, no-store, max-age=0, must-revalidate
[main] DEBUG org.apache.http.headers  - << Pragma: no-cache
[main] DEBUG org.apache.http.headers  - << Expires: 0
[main] DEBUG org.apache.http.headers  - << X-Frame-Options: DENY
[main] DEBUG org.apache.http.headers  - << Content-Type: application/json
[main] DEBUG org.apache.http.headers  - << Transfer-Encoding: chunked
[main] DEBUG org.apache.http.headers  - << Date: Tue, 16 Nov 2021 14:59:29 GMT
[main] DEBUG org.apache.http.headers  - << Keep-Alive: timeout=60
[main] DEBUG org.apache.http.headers  - << Connection: keep-alive
[main] DEBUG org.apache.http.impl.client.DefaultHttpClient  - Connection can be kept alive for 60000 MILLISECONDS
[main] DEBUG io.restassured.internal.RequestSpecificationImpl$RestAssuredHttpBuilder  - Parsing response as: application/json
[main] DEBUG io.restassured.internal.RequestSpecificationImpl$RestAssuredHttpBuilder  - Parsed data to instance of: class org.apache.http.conn.EofSensorInputStream
[main] DEBUG org.apache.http.wire  -  << "1584[\r][\n]"
[main] DEBUG org.apache.http.wire  -  << "[{"projectId":"TY_PROJ_1802","projectName":"TMRO APP","teamSize":5,"createdBy":"NitheshHS","createdOn":"18/02/2021","status":"completed"},{"projectId":"TY_PROJ_2002","projectName":"deepak_pro1","teamSize":10,"createdBy":"Deepak","createdOn":"19/02/2021","status":"created"},{"projectId":"TY_PROJ_2003","projectName":"deepak_pro12","teamSize":10,"createdBy":"Deepak","createdOn":"19/02/2021","status":"created"},{"projectId":"TY_PROJ_2004","projectName":"deepak_pro123","teamSize":10,"createdBy":"Deepak","createdOn":"19/02/2021","status":"created"},{"projectId":"TY_PROJ_2005","projectName":"deepak_pro887","teamSize":10,"createdBy":"deepak887","createdOn":"19/02/2021","status":"create"},{"projectId":"TY_PROJ_2007","projectName":"deepak_pro477","teamSize":10,"createdBy":"deepak477","createdOn":"19/02/2021","status":"create"},{"projectId":"TY_PROJ_2203","projectName":"rmgYantra","teamSize":5,"createdBy":"Bharani","createdOn":"01/03/2021","status":"Ongoing"},{"projectId":"TY_PROJ_2204","projectName":"rmgYantra","teamSize":5,"createdBy":"Bharani","createdOn":"01/03/2021","status":"Ongoing"},{"projectId":"TY_PROJ_2402","projectName":"Google","teamSize":7,"createdBy":"Nithesh","createdOn":"24/03/2021","status":"completed"},{"projectId":"TY_PROJ_2602","projectName":"SDET","teamSize":4,"createdBy":"Nithesh","createdOn":"05/04/2021","status":"On going"},{"projectId":"TY_PROJ_2802","projectName":"SkillRary","teamSize":8,"createdBy":"Nithesh","createdOn":"05/04/2021","status":"On Going"},{"projectId":"TY_PROJ_2803","projectName":"Skill","teamSize":2,"createdBy":"Nithesh","createdOn":"05/04/2021","status":"completed"},{"projectId":"TY_PROJ_2804","projectName":"Skill_688","teamSize":2,"createdBy":"Nithesh","createdOn":"05/04/2021","status":"completed"},{"projectId":"TY_PROJ_2805","projectName":"Skill22","teamSize":1,"createdBy":"Nithesh","createdOn":"06/04/2021","status":"on going"},{"projectId":"TY_PROJ_3002","projectName":"SDET12API","teamSize":15,"createdBy":"Nithesh","createdOn":"11/05/2021","status":"OnGoing"},{"projectId":"TY_PROJ_3003","projectName":"SDET12API","teamSize":15,"createdBy":"Nithesh","createdOn":"11/05/2021","status":"OnGoing"},{"projectId":"TY_PROJ_3004","projectName":null,"teamSize":15,"createdBy":"Nithesh","createdOn":"11/05/2021","status":"OnGoing"},{"projectId":"TY_PROJ_3005","projectName":"RMG","teamSize":10,"createdBy":"NitheshHS","createdOn":"11/05/2021","status":"Completed"},{"projectId":"TY_PROJ_3006","projectName":"Appium","teamSize":10,"createdBy":"Pavan","createdOn":"11/05/2021","status":"OnGoing"},{"projectId":"TY_PROJ_3202","projectName":"SDET12","teamSize":15,"createdBy":"NitheshHS","createdOn":"12/05/2021","status":"Ongoing"},{"projectId":"TY_PROJ_3203","projectName":"SDET12","teamSize":15,"createdBy":"NitheshHS","createdOn":"12/05/2021","status":"Ongoing"},{"projectId":"TY_PROJ_3206","projectName":"SDET12","teamSize":15,"createdBy":"NitheshHS","createdOn":"12/05/2021","status":"Ongoing"},{"projectId":"TY_PROJ_3207","projectName":"deepak_pro-3","teamSize":10,"createdBy":"deepak","createdOn":"12/05/2021","status":"Completed"},{"projectId":"TY_PROJ_3208","projectName":"RMG_Yantra","teamSize":10,"createdBy":"Nithesh","createdOn":"12/05/2021","status":"onGoing"},{"projectId":"TY_PROJ_3209","projectName":"SDET12","teamSize":15,"createdBy":"NitheshHS","createdOn":"12/05/2021","status":"Ongoing"},{"projectId":"TY_PROJ_3403","projectName":"Flipkart","teamSize":0,"createdBy":"Nithesh","createdOn":"19/05/2021","status":"Completed"},{"projectId":"TY_PROJ_3404","projectName":"TMRO","teamSize":7,"createdBy":"Nithesh","createdOn":"19/05/2021","status":"completed"},{"projectId":"TY_PROJ_3405","projectName":"TMRO","teamSize":7,"createdBy":"Nithesh","createdOn":"19/05/2021","status":"completed"},{"projectId":"TY_PROJ_3406","projectName":"TMRO","teamSize":7,"createdBy":"Nithesh","createdOn":"19/05/2021","status":"completed"},{"projectId":"TY_PROJ_3407","projectName":"RMO","teamSize":5,"createdBy":"NitheshGowda","createdOn":"19/05/2021","status":"completed"},{"projectId":"TY_PROJ_3602","projectName":"MPL","teamSize":10,"createdBy":"Test Yantra","createdOn":"20/05/2021","status":"on going"},{"projectId":"TY_PROJ_3603","projectName":"MPL123","teamSize":10,"createdBy":"Test Yantra","createdOn":"20/05/2021","status":"on going"},{"projectId":"TY_PROJ_3604","projectName":"Project_1","teamSize":5,"createdBy":"Nithesh","createdOn":"20/05/2021","status":"On Going"},{"projectId":"TY_PROJ_3605","projectName":"Project_2","teamSize":4,"createdBy":"Prakash","createdOn":"20/05/2021","status":"Completed"},{"projectId":"TY_PROJ_3606","projectName":"Project_3","teamSize":3,"createdBy":"Pavan","createdOn":"20/05/2021","status":"Created"},{"projectId":"TY_PROJ_3607","projectName":"RMO","teamSize":5,"createdBy":"NitheshGowda","createdOn":"20/05/2021","status":"completed"},{"projectId":"TY_PROJ_3608","projectName":"RMO","teamSize":5,"createdBy":"NitheshGowda","createdOn":"20/05/2021","status":"completed"},{"projectId":"TY_PROJ_3609","projectName":"RMO","teamSize":5,"createdBy":"NitheshGowda","createdOn":"20/05/2021","status":"completed"},{"projectId":"TY_PROJ_3802","projectName":"Sdet","teamSize":10,"createdBy":"NitheshHS","createdOn":"24/09/2021","status":"Created"},{"projectId":"TY_PROJ_4002","projectName":"MY Project","teamSize":1,"createdBy":"Nithesh","createdOn":"26/10/2021","status":"Created"},{"projectId":"TY_PROJ_4202","projectName":"SDET24","teamSize":0,"createdBy":"Nithesh","createdOn":"27/10/2021","status":"Created"}]"
[main] DEBUG org.apache.http.wire  -  << "[\r][\n]"
[main] DEBUG org.apache.http.wire  -  << "0[\r][\n]"
[main] DEBUG org.apache.http.wire  -  << "[\r][\n]"
[main] DEBUG org.apache.http.impl.conn.BasicClientConnectionManager  - Releasing connection org.apache.http.impl.conn.ManagedClientConnectionImpl@26be6ca7
[main] DEBUG org.apache.http.impl.conn.BasicClientConnectionManager  - Connection can be kept alive for 60000 MILLISECONDS
[main] INFO  com.restapi.base.LoggerClass  - URL: http://localhost:8084/projects
[main] DEBUG org.apache.http.impl.conn.BasicClientConnectionManager  - Get connection for route {}->http://localhost:8084
[main] DEBUG org.apache.http.impl.conn.DefaultClientConnectionOperator  - Connecting to localhost:8084
[main] DEBUG org.apache.http.client.protocol.RequestAddCookies  - CookieSpec selected: ignoreCookies
[main] DEBUG org.apache.http.client.protocol.RequestAuthCache  - Auth cache not set in the context
[main] DEBUG org.apache.http.client.protocol.RequestTargetAuthentication  - Target auth state: UNCHALLENGED
[main] DEBUG org.apache.http.client.protocol.RequestProxyAuthentication  - Proxy auth state: UNCHALLENGED
[main] DEBUG org.apache.http.impl.client.DefaultHttpClient  - Attempt 1 to execute request
[main] DEBUG org.apache.http.impl.conn.DefaultClientConnection  - Sending request: GET /projects HTTP/1.1
[main] DEBUG org.apache.http.wire  -  >> "GET /projects HTTP/1.1[\r][\n]"
[main] DEBUG org.apache.http.wire  -  >> "Accept: */*[\r][\n]"
[main] DEBUG org.apache.http.wire  -  >> "Host: localhost:8084[\r][\n]"
[main] DEBUG org.apache.http.wire  -  >> "Connection: Keep-Alive[\r][\n]"
[main] DEBUG org.apache.http.wire  -  >> "User-Agent: Apache-HttpClient/4.5.3 (Java/1.8.0_301)[\r][\n]"
[main] DEBUG org.apache.http.wire  -  >> "Accept-Encoding: gzip,deflate[\r][\n]"
[main] DEBUG org.apache.http.wire  -  >> "[\r][\n]"
[main] DEBUG org.apache.http.headers  - >> GET /projects HTTP/1.1
[main] DEBUG org.apache.http.headers  - >> Accept: */*
[main] DEBUG org.apache.http.headers  - >> Host: localhost:8084
[main] DEBUG org.apache.http.headers  - >> Connection: Keep-Alive
[main] DEBUG org.apache.http.headers  - >> User-Agent: Apache-HttpClient/4.5.3 (Java/1.8.0_301)
[main] DEBUG org.apache.http.headers  - >> Accept-Encoding: gzip,deflate
[main] DEBUG org.apache.http.wire  -  << "HTTP/1.1 200 [\r][\n]"
[main] DEBUG org.apache.http.wire  -  << "Vary: Origin[\r][\n]"
[main] DEBUG org.apache.http.wire  -  << "Vary: Access-Control-Request-Method[\r][\n]"
[main] DEBUG org.apache.http.wire  -  << "Vary: Access-Control-Request-Headers[\r][\n]"
[main] DEBUG org.apache.http.wire  -  << "X-Content-Type-Options: nosniff[\r][\n]"
[main] DEBUG org.apache.http.wire  -  << "X-XSS-Protection: 1; mode=block[\r][\n]"
[main] DEBUG org.apache.http.wire  -  << "Cache-Control: no-cache, no-store, max-age=0, must-revalidate[\r][\n]"
[main] DEBUG org.apache.http.wire  -  << "Pragma: no-cache[\r][\n]"
[main] DEBUG org.apache.http.wire  -  << "Expires: 0[\r][\n]"
[main] DEBUG org.apache.http.wire  -  << "X-Frame-Options: DENY[\r][\n]"
[main] DEBUG org.apache.http.wire  -  << "Content-Type: application/json[\r][\n]"
[main] DEBUG org.apache.http.wire  -  << "Transfer-Encoding: chunked[\r][\n]"
[main] DEBUG org.apache.http.wire  -  << "Date: Tue, 16 Nov 2021 15:26:17 GMT[\r][\n]"
[main] DEBUG org.apache.http.wire  -  << "Keep-Alive: timeout=60[\r][\n]"
[main] DEBUG org.apache.http.wire  -  << "Connection: keep-alive[\r][\n]"
[main] DEBUG org.apache.http.wire  -  << "[\r][\n]"
[main] DEBUG org.apache.http.impl.conn.DefaultClientConnection  - Receiving response: HTTP/1.1 200 
[main] DEBUG org.apache.http.headers  - << HTTP/1.1 200 
[main] DEBUG org.apache.http.headers  - << Vary: Origin
[main] DEBUG org.apache.http.headers  - << Vary: Access-Control-Request-Method
[main] DEBUG org.apache.http.headers  - << Vary: Access-Control-Request-Headers
[main] DEBUG org.apache.http.headers  - << X-Content-Type-Options: nosniff
[main] DEBUG org.apache.http.headers  - << X-XSS-Protection: 1; mode=block
[main] DEBUG org.apache.http.headers  - << Cache-Control: no-cache, no-store, max-age=0, must-revalidate
[main] DEBUG org.apache.http.headers  - << Pragma: no-cache
[main] DEBUG org.apache.http.headers  - << Expires: 0
[main] DEBUG org.apache.http.headers  - << X-Frame-Options: DENY
[main] DEBUG org.apache.http.headers  - << Content-Type: application/json
[main] DEBUG org.apache.http.headers  - << Transfer-Encoding: chunked
[main] DEBUG org.apache.http.headers  - << Date: Tue, 16 Nov 2021 15:26:17 GMT
[main] DEBUG org.apache.http.headers  - << Keep-Alive: timeout=60
[main] DEBUG org.apache.http.headers  - << Connection: keep-alive
[main] DEBUG org.apache.http.impl.client.DefaultHttpClient  - Connection can be kept alive for 60000 MILLISECONDS
[main] DEBUG io.restassured.internal.RequestSpecificationImpl$RestAssuredHttpBuilder  - Parsing response as: application/json
[main] DEBUG io.restassured.internal.RequestSpecificationImpl$RestAssuredHttpBuilder  - Parsed data to instance of: class org.apache.http.conn.EofSensorInputStream
[main] DEBUG org.apache.http.wire  -  << "1584[\r][\n]"
[main] DEBUG org.apache.http.wire  -  << "[{"projectId":"TY_PROJ_1802","projectName":"TMRO APP","teamSize":5,"createdBy":"NitheshHS","createdOn":"18/02/2021","status":"completed"},{"projectId":"TY_PROJ_2002","projectName":"deepak_pro1","teamSize":10,"createdBy":"Deepak","createdOn":"19/02/2021","status":"created"},{"projectId":"TY_PROJ_2003","projectName":"deepak_pro12","teamSize":10,"createdBy":"Deepak","createdOn":"19/02/2021","status":"created"},{"projectId":"TY_PROJ_2004","projectName":"deepak_pro123","teamSize":10,"createdBy":"Deepak","createdOn":"19/02/2021","status":"created"},{"projectId":"TY_PROJ_2005","projectName":"deepak_pro887","teamSize":10,"createdBy":"deepak887","createdOn":"19/02/2021","status":"create"},{"projectId":"TY_PROJ_2007","projectName":"deepak_pro477","teamSize":10,"createdBy":"deepak477","createdOn":"19/02/2021","status":"create"},{"projectId":"TY_PROJ_2203","projectName":"rmgYantra","teamSize":5,"createdBy":"Bharani","createdOn":"01/03/2021","status":"Ongoing"},{"projectId":"TY_PROJ_2204","projectName":"rmgYantra","teamSize":5,"createdBy":"Bharani","createdOn":"01/03/2021","status":"Ongoing"},{"projectId":"TY_PROJ_2402","projectName":"Google","teamSize":7,"createdBy":"Nithesh","createdOn":"24/03/2021","status":"completed"},{"projectId":"TY_PROJ_2602","projectName":"SDET","teamSize":4,"createdBy":"Nithesh","createdOn":"05/04/2021","status":"On going"},{"projectId":"TY_PROJ_2802","projectName":"SkillRary","teamSize":8,"createdBy":"Nithesh","createdOn":"05/04/2021","status":"On Going"},{"projectId":"TY_PROJ_2803","projectName":"Skill","teamSize":2,"createdBy":"Nithesh","createdOn":"05/04/2021","status":"completed"},{"projectId":"TY_PROJ_2804","projectName":"Skill_688","teamSize":2,"createdBy":"Nithesh","createdOn":"05/04/2021","status":"completed"},{"projectId":"TY_PROJ_2805","projectName":"Skill22","teamSize":1,"createdBy":"Nithesh","createdOn":"06/04/2021","status":"on going"},{"projectId":"TY_PROJ_3002","projectName":"SDET12API","teamSize":15,"createdBy":"Nithesh","createdOn":"11/05/2021","status":"OnGoing"},{"projectId":"TY_PROJ_3003","projectName":"SDET12API","teamSize":15,"createdBy":"Nithesh","createdOn":"11/05/2021","status":"OnGoing"},{"projectId":"TY_PROJ_3004","projectName":null,"teamSize":15,"createdBy":"Nithesh","createdOn":"11/05/2021","status":"OnGoing"},{"projectId":"TY_PROJ_3005","projectName":"RMG","teamSize":10,"createdBy":"NitheshHS","createdOn":"11/05/2021","status":"Completed"},{"projectId":"TY_PROJ_3006","projectName":"Appium","teamSize":10,"createdBy":"Pavan","createdOn":"11/05/2021","status":"OnGoing"},{"projectId":"TY_PROJ_3202","projectName":"SDET12","teamSize":15,"createdBy":"NitheshHS","createdOn":"12/05/2021","status":"Ongoing"},{"projectId":"TY_PROJ_3203","projectName":"SDET12","teamSize":15,"createdBy":"NitheshHS","createdOn":"12/05/2021","status":"Ongoing"},{"projectId":"TY_PROJ_3206","projectName":"SDET12","teamSize":15,"createdBy":"NitheshHS","createdOn":"12/05/2021","status":"Ongoing"},{"projectId":"TY_PROJ_3207","projectName":"deepak_pro-3","teamSize":10,"createdBy":"deepak","createdOn":"12/05/2021","status":"Completed"},{"projectId":"TY_PROJ_3208","projectName":"RMG_Yantra","teamSize":10,"createdBy":"Nithesh","createdOn":"12/05/2021","status":"onGoing"},{"projectId":"TY_PROJ_3209","projectName":"SDET12","teamSize":15,"createdBy":"NitheshHS","createdOn":"12/05/2021","status":"Ongoing"},{"projectId":"TY_PROJ_3403","projectName":"Flipkart","teamSize":0,"createdBy":"Nithesh","createdOn":"19/05/2021","status":"Completed"},{"projectId":"TY_PROJ_3404","projectName":"TMRO","teamSize":7,"createdBy":"Nithesh","createdOn":"19/05/2021","status":"completed"},{"projectId":"TY_PROJ_3405","projectName":"TMRO","teamSize":7,"createdBy":"Nithesh","createdOn":"19/05/2021","status":"completed"},{"projectId":"TY_PROJ_3406","projectName":"TMRO","teamSize":7,"createdBy":"Nithesh","createdOn":"19/05/2021","status":"completed"},{"projectId":"TY_PROJ_3407","projectName":"RMO","teamSize":5,"createdBy":"NitheshGowda","createdOn":"19/05/2021","status":"completed"},{"projectId":"TY_PROJ_3602","projectName":"MPL","teamSize":10,"createdBy":"Test Yantra","createdOn":"20/05/2021","status":"on going"},{"projectId":"TY_PROJ_3603","projectName":"MPL123","teamSize":10,"createdBy":"Test Yantra","createdOn":"20/05/2021","status":"on going"},{"projectId":"TY_PROJ_3604","projectName":"Project_1","teamSize":5,"createdBy":"Nithesh","createdOn":"20/05/2021","status":"On Going"},{"projectId":"TY_PROJ_3605","projectName":"Project_2","teamSize":4,"createdBy":"Prakash","createdOn":"20/05/2021","status":"Completed"},{"projectId":"TY_PROJ_3606","projectName":"Project_3","teamSize":3,"createdBy":"Pavan","createdOn":"20/05/2021","status":"Created"},{"projectId":"TY_PROJ_3607","projectName":"RMO","teamSize":5,"createdBy":"NitheshGowda","createdOn":"20/05/2021","status":"completed"},{"projectId":"TY_PROJ_3608","projectName":"RMO","teamSize":5,"createdBy":"NitheshGowda","createdOn":"20/05/2021","status":"completed"},{"projectId":"TY_PROJ_3609","projectName":"RMO","teamSize":5,"createdBy":"NitheshGowda","createdOn":"20/05/2021","status":"completed"},{"projectId":"TY_PROJ_3802","projectName":"Sdet","teamSize":10,"createdBy":"NitheshHS","createdOn":"24/09/2021","status":"Created"},{"projectId":"TY_PROJ_4002","projectName":"MY Project","teamSize":1,"createdBy":"Nithesh","createdOn":"26/10/2021","status":"Created"},{"projectId":"TY_PROJ_4202","projectName":"SDET24","teamSize":0,"createdBy":"Nithesh","createdOn":"27/10/2021","status":"Created"}]"
[main] DEBUG org.apache.http.wire  -  << "[\r][\n]"
[main] DEBUG org.apache.http.wire  -  << "0[\r][\n]"
[main] DEBUG org.apache.http.wire  -  << "[\r][\n]"
[main] DEBUG org.apache.http.impl.conn.BasicClientConnectionManager  - Releasing connection org.apache.http.impl.conn.ManagedClientConnectionImpl@e6516e
[main] DEBUG org.apache.http.impl.conn.BasicClientConnectionManager  - Connection can be kept alive for 60000 MILLISECONDS
[main] INFO  com.restapi.base.LoggerClass  - URL: http://localhost:8084/projects
[main] DEBUG org.apache.http.impl.conn.BasicClientConnectionManager  - Get connection for route {}->http://localhost:8084
[main] DEBUG org.apache.http.impl.conn.DefaultClientConnectionOperator  - Connecting to localhost:8084
[main] DEBUG org.apache.http.client.protocol.RequestAddCookies  - CookieSpec selected: ignoreCookies
[main] DEBUG org.apache.http.client.protocol.RequestAuthCache  - Auth cache not set in the context
[main] DEBUG org.apache.http.client.protocol.RequestTargetAuthentication  - Target auth state: UNCHALLENGED
[main] DEBUG org.apache.http.client.protocol.RequestProxyAuthentication  - Proxy auth state: UNCHALLENGED
[main] DEBUG org.apache.http.impl.client.DefaultHttpClient  - Attempt 1 to execute request
[main] DEBUG org.apache.http.impl.conn.DefaultClientConnection  - Sending request: GET /projects HTTP/1.1
[main] DEBUG org.apache.http.wire  -  >> "GET /projects HTTP/1.1[\r][\n]"
[main] DEBUG org.apache.http.wire  -  >> "Accept: */*[\r][\n]"
[main] DEBUG org.apache.http.wire  -  >> "Host: localhost:8084[\r][\n]"
[main] DEBUG org.apache.http.wire  -  >> "Connection: Keep-Alive[\r][\n]"
[main] DEBUG org.apache.http.wire  -  >> "User-Agent: Apache-HttpClient/4.5.3 (Java/1.8.0_261)[\r][\n]"
[main] DEBUG org.apache.http.wire  -  >> "Accept-Encoding: gzip,deflate[\r][\n]"
[main] DEBUG org.apache.http.wire  -  >> "[\r][\n]"
[main] DEBUG org.apache.http.headers  - >> GET /projects HTTP/1.1
[main] DEBUG org.apache.http.headers  - >> Accept: */*
[main] DEBUG org.apache.http.headers  - >> Host: localhost:8084
[main] DEBUG org.apache.http.headers  - >> Connection: Keep-Alive
[main] DEBUG org.apache.http.headers  - >> User-Agent: Apache-HttpClient/4.5.3 (Java/1.8.0_261)
[main] DEBUG org.apache.http.headers  - >> Accept-Encoding: gzip,deflate
[main] DEBUG org.apache.http.wire  -  << "HTTP/1.1 200 [\r][\n]"
[main] DEBUG org.apache.http.wire  -  << "Vary: Origin[\r][\n]"
[main] DEBUG org.apache.http.wire  -  << "Vary: Access-Control-Request-Method[\r][\n]"
[main] DEBUG org.apache.http.wire  -  << "Vary: Access-Control-Request-Headers[\r][\n]"
[main] DEBUG org.apache.http.wire  -  << "X-Content-Type-Options: nosniff[\r][\n]"
[main] DEBUG org.apache.http.wire  -  << "X-XSS-Protection: 1; mode=block[\r][\n]"
[main] DEBUG org.apache.http.wire  -  << "Cache-Control: no-cache, no-store, max-age=0, must-revalidate[\r][\n]"
[main] DEBUG org.apache.http.wire  -  << "Pragma: no-cache[\r][\n]"
[main] DEBUG org.apache.http.wire  -  << "Expires: 0[\r][\n]"
[main] DEBUG org.apache.http.wire  -  << "X-Frame-Options: DENY[\r][\n]"
[main] DEBUG org.apache.http.wire  -  << "Content-Type: application/json[\r][\n]"
[main] DEBUG org.apache.http.wire  -  << "Transfer-Encoding: chunked[\r][\n]"
[main] DEBUG org.apache.http.wire  -  << "Date: Wed, 17 Nov 2021 04:08:39 GMT[\r][\n]"
[main] DEBUG org.apache.http.wire  -  << "Keep-Alive: timeout=60[\r][\n]"
[main] DEBUG org.apache.http.wire  -  << "Connection: keep-alive[\r][\n]"
[main] DEBUG org.apache.http.wire  -  << "[\r][\n]"
[main] DEBUG org.apache.http.impl.conn.DefaultClientConnection  - Receiving response: HTTP/1.1 200 
[main] DEBUG org.apache.http.headers  - << HTTP/1.1 200 
[main] DEBUG org.apache.http.headers  - << Vary: Origin
[main] DEBUG org.apache.http.headers  - << Vary: Access-Control-Request-Method
[main] DEBUG org.apache.http.headers  - << Vary: Access-Control-Request-Headers
[main] DEBUG org.apache.http.headers  - << X-Content-Type-Options: nosniff
[main] DEBUG org.apache.http.headers  - << X-XSS-Protection: 1; mode=block
[main] DEBUG org.apache.http.headers  - << Cache-Control: no-cache, no-store, max-age=0, must-revalidate
[main] DEBUG org.apache.http.headers  - << Pragma: no-cache
[main] DEBUG org.apache.http.headers  - << Expires: 0
[main] DEBUG org.apache.http.headers  - << X-Frame-Options: DENY
[main] DEBUG org.apache.http.headers  - << Content-Type: application/json
[main] DEBUG org.apache.http.headers  - << Transfer-Encoding: chunked
[main] DEBUG org.apache.http.headers  - << Date: Wed, 17 Nov 2021 04:08:39 GMT
[main] DEBUG org.apache.http.headers  - << Keep-Alive: timeout=60
[main] DEBUG org.apache.http.headers  - << Connection: keep-alive
[main] DEBUG org.apache.http.impl.client.DefaultHttpClient  - Connection can be kept alive for 60000 MILLISECONDS
[main] DEBUG io.restassured.internal.RequestSpecificationImpl$RestAssuredHttpBuilder  - Parsing response as: application/json
[main] DEBUG io.restassured.internal.RequestSpecificationImpl$RestAssuredHttpBuilder  - Parsed data to instance of: class org.apache.http.conn.EofSensorInputStream
[main] DEBUG org.apache.http.wire  -  << "1584[\r][\n]"
[main] DEBUG org.apache.http.wire  -  << "[{"projectId":"TY_PROJ_1802","projectName":"TMRO APP","teamSize":5,"createdBy":"NitheshHS","createdOn":"18/02/2021","status":"completed"},{"projectId":"TY_PROJ_2002","projectName":"deepak_pro1","teamSize":10,"createdBy":"Deepak","createdOn":"19/02/2021","status":"created"},{"projectId":"TY_PROJ_2003","projectName":"deepak_pro12","teamSize":10,"createdBy":"Deepak","createdOn":"19/02/2021","status":"created"},{"projectId":"TY_PROJ_2004","projectName":"deepak_pro123","teamSize":10,"createdBy":"Deepak","createdOn":"19/02/2021","status":"created"},{"projectId":"TY_PROJ_2005","projectName":"deepak_pro887","teamSize":10,"createdBy":"deepak887","createdOn":"19/02/2021","status":"create"},{"projectId":"TY_PROJ_2007","projectName":"deepak_pro477","teamSize":10,"createdBy":"deepak477","createdOn":"19/02/2021","status":"create"},{"projectId":"TY_PROJ_2203","projectName":"rmgYantra","teamSize":5,"createdBy":"Bharani","createdOn":"01/03/2021","status":"Ongoing"},{"projectId":"TY_PROJ_2204","projectName":"rmgYantra","teamSize":5,"createdBy":"Bharani","createdOn":"01/03/2021","status":"Ongoing"},{"projectId":"TY_PROJ_2402","projectName":"Google","teamSize":7,"createdBy":"Nithesh","createdOn":"24/03/2021","status":"completed"},{"projectId":"TY_PROJ_2602","projectName":"SDET","teamSize":4,"createdBy":"Nithesh","createdOn":"05/04/2021","status":"On going"},{"projectId":"TY_PROJ_2802","projectName":"SkillRary","teamSize":8,"createdBy":"Nithesh","createdOn":"05/04/2021","status":"On Going"},{"projectId":"TY_PROJ_2803","projectName":"Skill","teamSize":2,"createdBy":"Nithesh","createdOn":"05/04/2021","status":"completed"},{"projectId":"TY_PROJ_2804","projectName":"Skill_688","teamSize":2,"createdBy":"Nithesh","createdOn":"05/04/2021","status":"completed"},{"projectId":"TY_PROJ_2805","projectName":"Skill22","teamSize":1,"createdBy":"Nithesh","createdOn":"06/04/2021","status":"on going"},{"projectId":"TY_PROJ_3002","projectName":"SDET12API","teamSize":15,"createdBy":"Nithesh","createdOn":"11/05/2021","status":"OnGoing"},{"projectId":"TY_PROJ_3003","projectName":"SDET12API","teamSize":15,"createdBy":"Nithesh","createdOn":"11/05/2021","status":"OnGoing"},{"projectId":"TY_PROJ_3004","projectName":null,"teamSize":15,"createdBy":"Nithesh","createdOn":"11/05/2021","status":"OnGoing"},{"projectId":"TY_PROJ_3005","projectName":"RMG","teamSize":10,"createdBy":"NitheshHS","createdOn":"11/05/2021","status":"Completed"},{"projectId":"TY_PROJ_3006","projectName":"Appium","teamSize":10,"createdBy":"Pavan","createdOn":"11/05/2021","status":"OnGoing"},{"projectId":"TY_PROJ_3202","projectName":"SDET12","teamSize":15,"createdBy":"NitheshHS","createdOn":"12/05/2021","status":"Ongoing"},{"projectId":"TY_PROJ_3203","projectName":"SDET12","teamSize":15,"createdBy":"NitheshHS","createdOn":"12/05/2021","status":"Ongoing"},{"projectId":"TY_PROJ_3206","projectName":"SDET12","teamSize":15,"createdBy":"NitheshHS","createdOn":"12/05/2021","status":"Ongoing"},{"projectId":"TY_PROJ_3207","projectName":"deepak_pro-3","teamSize":10,"createdBy":"deepak","createdOn":"12/05/2021","status":"Completed"},{"projectId":"TY_PROJ_3208","projectName":"RMG_Yantra","teamSize":10,"createdBy":"Nithesh","createdOn":"12/05/2021","status":"onGoing"},{"projectId":"TY_PROJ_3209","projectName":"SDET12","teamSize":15,"createdBy":"NitheshHS","createdOn":"12/05/2021","status":"Ongoing"},{"projectId":"TY_PROJ_3403","projectName":"Flipkart","teamSize":0,"createdBy":"Nithesh","createdOn":"19/05/2021","status":"Completed"},{"projectId":"TY_PROJ_3404","projectName":"TMRO","teamSize":7,"createdBy":"Nithesh","createdOn":"19/05/2021","status":"completed"},{"projectId":"TY_PROJ_3405","projectName":"TMRO","teamSize":7,"createdBy":"Nithesh","createdOn":"19/05/2021","status":"completed"},{"projectId":"TY_PROJ_3406","projectName":"TMRO","teamSize":7,"createdBy":"Nithesh","createdOn":"19/05/2021","status":"completed"},{"projectId":"TY_PROJ_3407","projectName":"RMO","teamSize":5,"createdBy":"NitheshGowda","createdOn":"19/05/2021","status":"completed"},{"projectId":"TY_PROJ_3602","projectName":"MPL","teamSize":10,"createdBy":"Test Yantra","createdOn":"20/05/2021","status":"on going"},{"projectId":"TY_PROJ_3603","projectName":"MPL123","teamSize":10,"createdBy":"Test Yantra","createdOn":"20/05/2021","status":"on going"},{"projectId":"TY_PROJ_3604","projectName":"Project_1","teamSize":5,"createdBy":"Nithesh","createdOn":"20/05/2021","status":"On Going"},{"projectId":"TY_PROJ_3605","projectName":"Project_2","teamSize":4,"createdBy":"Prakash","createdOn":"20/05/2021","status":"Completed"},{"projectId":"TY_PROJ_3606","projectName":"Project_3","teamSize":3,"createdBy":"Pavan","createdOn":"20/05/2021","status":"Created"},{"projectId":"TY_PROJ_3607","projectName":"RMO","teamSize":5,"createdBy":"NitheshGowda","createdOn":"20/05/2021","status":"completed"},{"projectId":"TY_PROJ_3608","projectName":"RMO","teamSize":5,"createdBy":"NitheshGowda","createdOn":"20/05/2021","status":"completed"},{"projectId":"TY_PROJ_3609","projectName":"RMO","teamSize":5,"createdBy":"NitheshGowda","createdOn":"20/05/2021","status":"completed"},{"projectId":"TY_PROJ_3802","projectName":"Sdet","teamSize":10,"createdBy":"NitheshHS","createdOn":"24/09/2021","status":"Created"},{"projectId":"TY_PROJ_4002","projectName":"MY Project","teamSize":1,"createdBy":"Nithesh","createdOn":"26/10/2021","status":"Created"},{"projectId":"TY_PROJ_4202","projectName":"SDET24","teamSize":0,"createdBy":"Nithesh","createdOn":"27/10/2021","status":"Created"}]"
[main] DEBUG org.apache.http.wire  -  << "[\r][\n]"
[main] DEBUG org.apache.http.wire  -  << "0[\r][\n]"
[main] DEBUG org.apache.http.wire  -  << "[\r][\n]"
[main] DEBUG org.apache.http.impl.conn.BasicClientConnectionManager  - Releasing connection org.apache.http.impl.conn.ManagedClientConnectionImpl@6fbf5db2
[main] DEBUG org.apache.http.impl.conn.BasicClientConnectionManager  - Connection can be kept alive for 60000 MILLISECONDS
[main] INFO  com.restapi.base.LoggerClass  - URL: http://localhost:8084/projects
[main] DEBUG org.apache.http.impl.conn.BasicClientConnectionManager  - Get connection for route {}->http://localhost:8084
[main] DEBUG org.apache.http.impl.conn.DefaultClientConnectionOperator  - Connecting to localhost:8084
[main] DEBUG org.apache.http.client.protocol.RequestAddCookies  - CookieSpec selected: ignoreCookies
[main] DEBUG org.apache.http.client.protocol.RequestAuthCache  - Auth cache not set in the context
[main] DEBUG org.apache.http.client.protocol.RequestTargetAuthentication  - Target auth state: UNCHALLENGED
[main] DEBUG org.apache.http.client.protocol.RequestProxyAuthentication  - Proxy auth state: UNCHALLENGED
[main] DEBUG org.apache.http.impl.client.DefaultHttpClient  - Attempt 1 to execute request
[main] DEBUG org.apache.http.impl.conn.DefaultClientConnection  - Sending request: GET /projects HTTP/1.1
[main] DEBUG org.apache.http.wire  -  >> "GET /projects HTTP/1.1[\r][\n]"
[main] DEBUG org.apache.http.wire  -  >> "Accept: */*[\r][\n]"
[main] DEBUG org.apache.http.wire  -  >> "Host: localhost:8084[\r][\n]"
[main] DEBUG org.apache.http.wire  -  >> "Connection: Keep-Alive[\r][\n]"
[main] DEBUG org.apache.http.wire  -  >> "User-Agent: Apache-HttpClient/4.5.3 (Java/1.8.0_261)[\r][\n]"
[main] DEBUG org.apache.http.wire  -  >> "Accept-Encoding: gzip,deflate[\r][\n]"
[main] DEBUG org.apache.http.wire  -  >> "[\r][\n]"
[main] DEBUG org.apache.http.headers  - >> GET /projects HTTP/1.1
[main] DEBUG org.apache.http.headers  - >> Accept: */*
[main] DEBUG org.apache.http.headers  - >> Host: localhost:8084
[main] DEBUG org.apache.http.headers  - >> Connection: Keep-Alive
[main] DEBUG org.apache.http.headers  - >> User-Agent: Apache-HttpClient/4.5.3 (Java/1.8.0_261)
[main] DEBUG org.apache.http.headers  - >> Accept-Encoding: gzip,deflate
[main] DEBUG org.apache.http.wire  -  << "HTTP/1.1 200 [\r][\n]"
[main] DEBUG org.apache.http.wire  -  << "Vary: Origin[\r][\n]"
[main] DEBUG org.apache.http.wire  -  << "Vary: Access-Control-Request-Method[\r][\n]"
[main] DEBUG org.apache.http.wire  -  << "Vary: Access-Control-Request-Headers[\r][\n]"
[main] DEBUG org.apache.http.wire  -  << "X-Content-Type-Options: nosniff[\r][\n]"
[main] DEBUG org.apache.http.wire  -  << "X-XSS-Protection: 1; mode=block[\r][\n]"
[main] DEBUG org.apache.http.wire  -  << "Cache-Control: no-cache, no-store, max-age=0, must-revalidate[\r][\n]"
[main] DEBUG org.apache.http.wire  -  << "Pragma: no-cache[\r][\n]"
[main] DEBUG org.apache.http.wire  -  << "Expires: 0[\r][\n]"
[main] DEBUG org.apache.http.wire  -  << "X-Frame-Options: DENY[\r][\n]"
[main] DEBUG org.apache.http.wire  -  << "Content-Type: application/json[\r][\n]"
[main] DEBUG org.apache.http.wire  -  << "Transfer-Encoding: chunked[\r][\n]"
[main] DEBUG org.apache.http.wire  -  << "Date: Wed, 17 Nov 2021 04:15:59 GMT[\r][\n]"
[main] DEBUG org.apache.http.wire  -  << "Keep-Alive: timeout=60[\r][\n]"
[main] DEBUG org.apache.http.wire  -  << "Connection: keep-alive[\r][\n]"
[main] DEBUG org.apache.http.wire  -  << "[\r][\n]"
[main] DEBUG org.apache.http.impl.conn.DefaultClientConnection  - Receiving response: HTTP/1.1 200 
[main] DEBUG org.apache.http.headers  - << HTTP/1.1 200 
[main] DEBUG org.apache.http.headers  - << Vary: Origin
[main] DEBUG org.apache.http.headers  - << Vary: Access-Control-Request-Method
[main] DEBUG org.apache.http.headers  - << Vary: Access-Control-Request-Headers
[main] DEBUG org.apache.http.headers  - << X-Content-Type-Options: nosniff
[main] DEBUG org.apache.http.headers  - << X-XSS-Protection: 1; mode=block
[main] DEBUG org.apache.http.headers  - << Cache-Control: no-cache, no-store, max-age=0, must-revalidate
[main] DEBUG org.apache.http.headers  - << Pragma: no-cache
[main] DEBUG org.apache.http.headers  - << Expires: 0
[main] DEBUG org.apache.http.headers  - << X-Frame-Options: DENY
[main] DEBUG org.apache.http.headers  - << Content-Type: application/json
[main] DEBUG org.apache.http.headers  - << Transfer-Encoding: chunked
[main] DEBUG org.apache.http.headers  - << Date: Wed, 17 Nov 2021 04:15:59 GMT
[main] DEBUG org.apache.http.headers  - << Keep-Alive: timeout=60
[main] DEBUG org.apache.http.headers  - << Connection: keep-alive
[main] DEBUG org.apache.http.impl.client.DefaultHttpClient  - Connection can be kept alive for 60000 MILLISECONDS
[main] DEBUG io.restassured.internal.RequestSpecificationImpl$RestAssuredHttpBuilder  - Parsing response as: application/json
[main] DEBUG io.restassured.internal.RequestSpecificationImpl$RestAssuredHttpBuilder  - Parsed data to instance of: class org.apache.http.conn.EofSensorInputStream
[main] DEBUG org.apache.http.wire  -  << "1584[\r][\n]"
[main] DEBUG org.apache.http.wire  -  << "[{"projectId":"TY_PROJ_1802","projectName":"TMRO APP","teamSize":5,"createdBy":"NitheshHS","createdOn":"18/02/2021","status":"completed"},{"projectId":"TY_PROJ_2002","projectName":"deepak_pro1","teamSize":10,"createdBy":"Deepak","createdOn":"19/02/2021","status":"created"},{"projectId":"TY_PROJ_2003","projectName":"deepak_pro12","teamSize":10,"createdBy":"Deepak","createdOn":"19/02/2021","status":"created"},{"projectId":"TY_PROJ_2004","projectName":"deepak_pro123","teamSize":10,"createdBy":"Deepak","createdOn":"19/02/2021","status":"created"},{"projectId":"TY_PROJ_2005","projectName":"deepak_pro887","teamSize":10,"createdBy":"deepak887","createdOn":"19/02/2021","status":"create"},{"projectId":"TY_PROJ_2007","projectName":"deepak_pro477","teamSize":10,"createdBy":"deepak477","createdOn":"19/02/2021","status":"create"},{"projectId":"TY_PROJ_2203","projectName":"rmgYantra","teamSize":5,"createdBy":"Bharani","createdOn":"01/03/2021","status":"Ongoing"},{"projectId":"TY_PROJ_2204","projectName":"rmgYantra","teamSize":5,"createdBy":"Bharani","createdOn":"01/03/2021","status":"Ongoing"},{"projectId":"TY_PROJ_2402","projectName":"Google","teamSize":7,"createdBy":"Nithesh","createdOn":"24/03/2021","status":"completed"},{"projectId":"TY_PROJ_2602","projectName":"SDET","teamSize":4,"createdBy":"Nithesh","createdOn":"05/04/2021","status":"On going"},{"projectId":"TY_PROJ_2802","projectName":"SkillRary","teamSize":8,"createdBy":"Nithesh","createdOn":"05/04/2021","status":"On Going"},{"projectId":"TY_PROJ_2803","projectName":"Skill","teamSize":2,"createdBy":"Nithesh","createdOn":"05/04/2021","status":"completed"},{"projectId":"TY_PROJ_2804","projectName":"Skill_688","teamSize":2,"createdBy":"Nithesh","createdOn":"05/04/2021","status":"completed"},{"projectId":"TY_PROJ_2805","projectName":"Skill22","teamSize":1,"createdBy":"Nithesh","createdOn":"06/04/2021","status":"on going"},{"projectId":"TY_PROJ_3002","projectName":"SDET12API","teamSize":15,"createdBy":"Nithesh","createdOn":"11/05/2021","status":"OnGoing"},{"projectId":"TY_PROJ_3003","projectName":"SDET12API","teamSize":15,"createdBy":"Nithesh","createdOn":"11/05/2021","status":"OnGoing"},{"projectId":"TY_PROJ_3004","projectName":null,"teamSize":15,"createdBy":"Nithesh","createdOn":"11/05/2021","status":"OnGoing"},{"projectId":"TY_PROJ_3005","projectName":"RMG","teamSize":10,"createdBy":"NitheshHS","createdOn":"11/05/2021","status":"Completed"},{"projectId":"TY_PROJ_3006","projectName":"Appium","teamSize":10,"createdBy":"Pavan","createdOn":"11/05/2021","status":"OnGoing"},{"projectId":"TY_PROJ_3202","projectName":"SDET12","teamSize":15,"createdBy":"NitheshHS","createdOn":"12/05/2021","status":"Ongoing"},{"projectId":"TY_PROJ_3203","projectName":"SDET12","teamSize":15,"createdBy":"NitheshHS","createdOn":"12/05/2021","status":"Ongoing"},{"projectId":"TY_PROJ_3206","projectName":"SDET12","teamSize":15,"createdBy":"NitheshHS","createdOn":"12/05/2021","status":"Ongoing"},{"projectId":"TY_PROJ_3207","projectName":"deepak_pro-3","teamSize":10,"createdBy":"deepak","createdOn":"12/05/2021","status":"Completed"},{"projectId":"TY_PROJ_3208","projectName":"RMG_Yantra","teamSize":10,"createdBy":"Nithesh","createdOn":"12/05/2021","status":"onGoing"},{"projectId":"TY_PROJ_3209","projectName":"SDET12","teamSize":15,"createdBy":"NitheshHS","createdOn":"12/05/2021","status":"Ongoing"},{"projectId":"TY_PROJ_3403","projectName":"Flipkart","teamSize":0,"createdBy":"Nithesh","createdOn":"19/05/2021","status":"Completed"},{"projectId":"TY_PROJ_3404","projectName":"TMRO","teamSize":7,"createdBy":"Nithesh","createdOn":"19/05/2021","status":"completed"},{"projectId":"TY_PROJ_3405","projectName":"TMRO","teamSize":7,"createdBy":"Nithesh","createdOn":"19/05/2021","status":"completed"},{"projectId":"TY_PROJ_3406","projectName":"TMRO","teamSize":7,"createdBy":"Nithesh","createdOn":"19/05/2021","status":"completed"},{"projectId":"TY_PROJ_3407","projectName":"RMO","teamSize":5,"createdBy":"NitheshGowda","createdOn":"19/05/2021","status":"completed"},{"projectId":"TY_PROJ_3602","projectName":"MPL","teamSize":10,"createdBy":"Test Yantra","createdOn":"20/05/2021","status":"on going"},{"projectId":"TY_PROJ_3603","projectName":"MPL123","teamSize":10,"createdBy":"Test Yantra","createdOn":"20/05/2021","status":"on going"},{"projectId":"TY_PROJ_3604","projectName":"Project_1","teamSize":5,"createdBy":"Nithesh","createdOn":"20/05/2021","status":"On Going"},{"projectId":"TY_PROJ_3605","projectName":"Project_2","teamSize":4,"createdBy":"Prakash","createdOn":"20/05/2021","status":"Completed"},{"projectId":"TY_PROJ_3606","projectName":"Project_3","teamSize":3,"createdBy":"Pavan","createdOn":"20/05/2021","status":"Created"},{"projectId":"TY_PROJ_3607","projectName":"RMO","teamSize":5,"createdBy":"NitheshGowda","createdOn":"20/05/2021","status":"completed"},{"projectId":"TY_PROJ_3608","projectName":"RMO","teamSize":5,"createdBy":"NitheshGowda","createdOn":"20/05/2021","status":"completed"},{"projectId":"TY_PROJ_3609","projectName":"RMO","teamSize":5,"createdBy":"NitheshGowda","createdOn":"20/05/2021","status":"completed"},{"projectId":"TY_PROJ_3802","projectName":"Sdet","teamSize":10,"createdBy":"NitheshHS","createdOn":"24/09/2021","status":"Created"},{"projectId":"TY_PROJ_4002","projectName":"MY Project","teamSize":1,"createdBy":"Nithesh","createdOn":"26/10/2021","status":"Created"},{"projectId":"TY_PROJ_4202","projectName":"SDET24","teamSize":0,"createdBy":"Nithesh","createdOn":"27/10/2021","status":"Created"}]"
[main] DEBUG org.apache.http.wire  -  << "[\r][\n]"
[main] DEBUG org.apache.http.wire  -  << "0[\r][\n]"
[main] DEBUG org.apache.http.wire  -  << "[\r][\n]"
[main] DEBUG org.apache.http.impl.conn.BasicClientConnectionManager  - Releasing connection org.apache.http.impl.conn.ManagedClientConnectionImpl@2365ea38
[main] DEBUG org.apache.http.impl.conn.BasicClientConnectionManager  - Connection can be kept alive for 60000 MILLISECONDS
[main] INFO  com.restapi.base.LoggerClass  - URL: http://localhost:8084/projects
[main] DEBUG org.apache.http.impl.conn.BasicClientConnectionManager  - Get connection for route {}->http://localhost:8084
[main] DEBUG org.apache.http.impl.conn.DefaultClientConnectionOperator  - Connecting to localhost:8084
[main] DEBUG org.apache.http.client.protocol.RequestAddCookies  - CookieSpec selected: ignoreCookies
[main] DEBUG org.apache.http.client.protocol.RequestAuthCache  - Auth cache not set in the context
[main] DEBUG org.apache.http.client.protocol.RequestTargetAuthentication  - Target auth state: UNCHALLENGED
[main] DEBUG org.apache.http.client.protocol.RequestProxyAuthentication  - Proxy auth state: UNCHALLENGED
[main] DEBUG org.apache.http.impl.client.DefaultHttpClient  - Attempt 1 to execute request
[main] DEBUG org.apache.http.impl.conn.DefaultClientConnection  - Sending request: GET /projects HTTP/1.1
[main] DEBUG org.apache.http.wire  -  >> "GET /projects HTTP/1.1[\r][\n]"
[main] DEBUG org.apache.http.wire  -  >> "Accept: */*[\r][\n]"
[main] DEBUG org.apache.http.wire  -  >> "Host: localhost:8084[\r][\n]"
[main] DEBUG org.apache.http.wire  -  >> "Connection: Keep-Alive[\r][\n]"
[main] DEBUG org.apache.http.wire  -  >> "User-Agent: Apache-HttpClient/4.5.3 (Java/1.8.0_261)[\r][\n]"
[main] DEBUG org.apache.http.wire  -  >> "Accept-Encoding: gzip,deflate[\r][\n]"
[main] DEBUG org.apache.http.wire  -  >> "[\r][\n]"
[main] DEBUG org.apache.http.headers  - >> GET /projects HTTP/1.1
[main] DEBUG org.apache.http.headers  - >> Accept: */*
[main] DEBUG org.apache.http.headers  - >> Host: localhost:8084
[main] DEBUG org.apache.http.headers  - >> Connection: Keep-Alive
[main] DEBUG org.apache.http.headers  - >> User-Agent: Apache-HttpClient/4.5.3 (Java/1.8.0_261)
[main] DEBUG org.apache.http.headers  - >> Accept-Encoding: gzip,deflate
[main] DEBUG org.apache.http.wire  -  << "HTTP/1.1 200 [\r][\n]"
[main] DEBUG org.apache.http.wire  -  << "Vary: Origin[\r][\n]"
[main] DEBUG org.apache.http.wire  -  << "Vary: Access-Control-Request-Method[\r][\n]"
[main] DEBUG org.apache.http.wire  -  << "Vary: Access-Control-Request-Headers[\r][\n]"
[main] DEBUG org.apache.http.wire  -  << "X-Content-Type-Options: nosniff[\r][\n]"
[main] DEBUG org.apache.http.wire  -  << "X-XSS-Protection: 1; mode=block[\r][\n]"
[main] DEBUG org.apache.http.wire  -  << "Cache-Control: no-cache, no-store, max-age=0, must-revalidate[\r][\n]"
[main] DEBUG org.apache.http.wire  -  << "Pragma: no-cache[\r][\n]"
[main] DEBUG org.apache.http.wire  -  << "Expires: 0[\r][\n]"
[main] DEBUG org.apache.http.wire  -  << "X-Frame-Options: DENY[\r][\n]"
[main] DEBUG org.apache.http.wire  -  << "Content-Type: application/json[\r][\n]"
[main] DEBUG org.apache.http.wire  -  << "Transfer-Encoding: chunked[\r][\n]"
[main] DEBUG org.apache.http.wire  -  << "Date: Wed, 17 Nov 2021 04:16:55 GMT[\r][\n]"
[main] DEBUG org.apache.http.wire  -  << "Keep-Alive: timeout=60[\r][\n]"
[main] DEBUG org.apache.http.wire  -  << "Connection: keep-alive[\r][\n]"
[main] DEBUG org.apache.http.wire  -  << "[\r][\n]"
[main] DEBUG org.apache.http.impl.conn.DefaultClientConnection  - Receiving response: HTTP/1.1 200 
[main] DEBUG org.apache.http.headers  - << HTTP/1.1 200 
[main] DEBUG org.apache.http.headers  - << Vary: Origin
[main] DEBUG org.apache.http.headers  - << Vary: Access-Control-Request-Method
[main] DEBUG org.apache.http.headers  - << Vary: Access-Control-Request-Headers
[main] DEBUG org.apache.http.headers  - << X-Content-Type-Options: nosniff
[main] DEBUG org.apache.http.headers  - << X-XSS-Protection: 1; mode=block
[main] DEBUG org.apache.http.headers  - << Cache-Control: no-cache, no-store, max-age=0, must-revalidate
[main] DEBUG org.apache.http.headers  - << Pragma: no-cache
[main] DEBUG org.apache.http.headers  - << Expires: 0
[main] DEBUG org.apache.http.headers  - << X-Frame-Options: DENY
[main] DEBUG org.apache.http.headers  - << Content-Type: application/json
[main] DEBUG org.apache.http.headers  - << Transfer-Encoding: chunked
[main] DEBUG org.apache.http.headers  - << Date: Wed, 17 Nov 2021 04:16:55 GMT
[main] DEBUG org.apache.http.headers  - << Keep-Alive: timeout=60
[main] DEBUG org.apache.http.headers  - << Connection: keep-alive
[main] DEBUG org.apache.http.impl.client.DefaultHttpClient  - Connection can be kept alive for 60000 MILLISECONDS
[main] DEBUG io.restassured.internal.RequestSpecificationImpl$RestAssuredHttpBuilder  - Parsing response as: application/json
[main] DEBUG io.restassured.internal.RequestSpecificationImpl$RestAssuredHttpBuilder  - Parsed data to instance of: class org.apache.http.conn.EofSensorInputStream
[main] DEBUG org.apache.http.wire  -  << "1584[\r][\n]"
[main] DEBUG org.apache.http.wire  -  << "[{"projectId":"TY_PROJ_1802","projectName":"TMRO APP","teamSize":5,"createdBy":"NitheshHS","createdOn":"18/02/2021","status":"completed"},{"projectId":"TY_PROJ_2002","projectName":"deepak_pro1","teamSize":10,"createdBy":"Deepak","createdOn":"19/02/2021","status":"created"},{"projectId":"TY_PROJ_2003","projectName":"deepak_pro12","teamSize":10,"createdBy":"Deepak","createdOn":"19/02/2021","status":"created"},{"projectId":"TY_PROJ_2004","projectName":"deepak_pro123","teamSize":10,"createdBy":"Deepak","createdOn":"19/02/2021","status":"created"},{"projectId":"TY_PROJ_2005","projectName":"deepak_pro887","teamSize":10,"createdBy":"deepak887","createdOn":"19/02/2021","status":"create"},{"projectId":"TY_PROJ_2007","projectName":"deepak_pro477","teamSize":10,"createdBy":"deepak477","createdOn":"19/02/2021","status":"create"},{"projectId":"TY_PROJ_2203","projectName":"rmgYantra","teamSize":5,"createdBy":"Bharani","createdOn":"01/03/2021","status":"Ongoing"},{"projectId":"TY_PROJ_2204","projectName":"rmgYantra","teamSize":5,"createdBy":"Bharani","createdOn":"01/03/2021","status":"Ongoing"},{"projectId":"TY_PROJ_2402","projectName":"Google","teamSize":7,"createdBy":"Nithesh","createdOn":"24/03/2021","status":"completed"},{"projectId":"TY_PROJ_2602","projectName":"SDET","teamSize":4,"createdBy":"Nithesh","createdOn":"05/04/2021","status":"On going"},{"projectId":"TY_PROJ_2802","projectName":"SkillRary","teamSize":8,"createdBy":"Nithesh","createdOn":"05/04/2021","status":"On Going"},{"projectId":"TY_PROJ_2803","projectName":"Skill","teamSize":2,"createdBy":"Nithesh","createdOn":"05/04/2021","status":"completed"},{"projectId":"TY_PROJ_2804","projectName":"Skill_688","teamSize":2,"createdBy":"Nithesh","createdOn":"05/04/2021","status":"completed"},{"projectId":"TY_PROJ_2805","projectName":"Skill22","teamSize":1,"createdBy":"Nithesh","createdOn":"06/04/2021","status":"on going"},{"projectId":"TY_PROJ_3002","projectName":"SDET12API","teamSize":15,"createdBy":"Nithesh","createdOn":"11/05/2021","status":"OnGoing"},{"projectId":"TY_PROJ_3003","projectName":"SDET12API","teamSize":15,"createdBy":"Nithesh","createdOn":"11/05/2021","status":"OnGoing"},{"projectId":"TY_PROJ_3004","projectName":null,"teamSize":15,"createdBy":"Nithesh","createdOn":"11/05/2021","status":"OnGoing"},{"projectId":"TY_PROJ_3005","projectName":"RMG","teamSize":10,"createdBy":"NitheshHS","createdOn":"11/05/2021","status":"Completed"},{"projectId":"TY_PROJ_3006","projectName":"Appium","teamSize":10,"createdBy":"Pavan","createdOn":"11/05/2021","status":"OnGoing"},{"projectId":"TY_PROJ_3202","projectName":"SDET12","teamSize":15,"createdBy":"NitheshHS","createdOn":"12/05/2021","status":"Ongoing"},{"projectId":"TY_PROJ_3203","projectName":"SDET12","teamSize":15,"createdBy":"NitheshHS","createdOn":"12/05/2021","status":"Ongoing"},{"projectId":"TY_PROJ_3206","projectName":"SDET12","teamSize":15,"createdBy":"NitheshHS","createdOn":"12/05/2021","status":"Ongoing"},{"projectId":"TY_PROJ_3207","projectName":"deepak_pro-3","teamSize":10,"createdBy":"deepak","createdOn":"12/05/2021","status":"Completed"},{"projectId":"TY_PROJ_3208","projectName":"RMG_Yantra","teamSize":10,"createdBy":"Nithesh","createdOn":"12/05/2021","status":"onGoing"},{"projectId":"TY_PROJ_3209","projectName":"SDET12","teamSize":15,"createdBy":"NitheshHS","createdOn":"12/05/2021","status":"Ongoing"},{"projectId":"TY_PROJ_3403","projectName":"Flipkart","teamSize":0,"createdBy":"Nithesh","createdOn":"19/05/2021","status":"Completed"},{"projectId":"TY_PROJ_3404","projectName":"TMRO","teamSize":7,"createdBy":"Nithesh","createdOn":"19/05/2021","status":"completed"},{"projectId":"TY_PROJ_3405","projectName":"TMRO","teamSize":7,"createdBy":"Nithesh","createdOn":"19/05/2021","status":"completed"},{"projectId":"TY_PROJ_3406","projectName":"TMRO","teamSize":7,"createdBy":"Nithesh","createdOn":"19/05/2021","status":"completed"},{"projectId":"TY_PROJ_3407","projectName":"RMO","teamSize":5,"createdBy":"NitheshGowda","createdOn":"19/05/2021","status":"completed"},{"projectId":"TY_PROJ_3602","projectName":"MPL","teamSize":10,"createdBy":"Test Yantra","createdOn":"20/05/2021","status":"on going"},{"projectId":"TY_PROJ_3603","projectName":"MPL123","teamSize":10,"createdBy":"Test Yantra","createdOn":"20/05/2021","status":"on going"},{"projectId":"TY_PROJ_3604","projectName":"Project_1","teamSize":5,"createdBy":"Nithesh","createdOn":"20/05/2021","status":"On Going"},{"projectId":"TY_PROJ_3605","projectName":"Project_2","teamSize":4,"createdBy":"Prakash","createdOn":"20/05/2021","status":"Completed"},{"projectId":"TY_PROJ_3606","projectName":"Project_3","teamSize":3,"createdBy":"Pavan","createdOn":"20/05/2021","status":"Created"},{"projectId":"TY_PROJ_3607","projectName":"RMO","teamSize":5,"createdBy":"NitheshGowda","createdOn":"20/05/2021","status":"completed"},{"projectId":"TY_PROJ_3608","projectName":"RMO","teamSize":5,"createdBy":"NitheshGowda","createdOn":"20/05/2021","status":"completed"},{"projectId":"TY_PROJ_3609","projectName":"RMO","teamSize":5,"createdBy":"NitheshGowda","createdOn":"20/05/2021","status":"completed"},{"projectId":"TY_PROJ_3802","projectName":"Sdet","teamSize":10,"createdBy":"NitheshHS","createdOn":"24/09/2021","status":"Created"},{"projectId":"TY_PROJ_4002","projectName":"MY Project","teamSize":1,"createdBy":"Nithesh","createdOn":"26/10/2021","status":"Created"},{"projectId":"TY_PROJ_4202","projectName":"SDET24","teamSize":0,"createdBy":"Nithesh","createdOn":"27/10/2021","status":"Created"}]"
[main] DEBUG org.apache.http.wire  -  << "[\r][\n]"
[main] DEBUG org.apache.http.wire  -  << "0[\r][\n]"
[main] DEBUG org.apache.http.wire  -  << "[\r][\n]"
[main] DEBUG org.apache.http.impl.conn.BasicClientConnectionManager  - Releasing connection org.apache.http.impl.conn.ManagedClientConnectionImpl@28be7fec
[main] DEBUG org.apache.http.impl.conn.BasicClientConnectionManager  - Connection can be kept alive for 60000 MILLISECONDS
[main] INFO  com.restapi.base.LoggerClass  - URL: http://localhost:8084/projects
[main] DEBUG org.apache.http.impl.conn.BasicClientConnectionManager  - Get connection for route {}->http://localhost:8084
[main] DEBUG org.apache.http.impl.conn.DefaultClientConnectionOperator  - Connecting to localhost:8084
[main] DEBUG org.apache.http.client.protocol.RequestAddCookies  - CookieSpec selected: ignoreCookies
[main] DEBUG org.apache.http.client.protocol.RequestAuthCache  - Auth cache not set in the context
[main] DEBUG org.apache.http.client.protocol.RequestTargetAuthentication  - Target auth state: UNCHALLENGED
[main] DEBUG org.apache.http.client.protocol.RequestProxyAuthentication  - Proxy auth state: UNCHALLENGED
[main] DEBUG org.apache.http.impl.client.DefaultHttpClient  - Attempt 1 to execute request
[main] DEBUG org.apache.http.impl.conn.DefaultClientConnection  - Sending request: GET /projects HTTP/1.1
[main] DEBUG org.apache.http.wire  -  >> "GET /projects HTTP/1.1[\r][\n]"
[main] DEBUG org.apache.http.wire  -  >> "Accept: */*[\r][\n]"
[main] DEBUG org.apache.http.wire  -  >> "Host: localhost:8084[\r][\n]"
[main] DEBUG org.apache.http.wire  -  >> "Connection: Keep-Alive[\r][\n]"
[main] DEBUG org.apache.http.wire  -  >> "User-Agent: Apache-HttpClient/4.5.3 (Java/1.8.0_261)[\r][\n]"
[main] DEBUG org.apache.http.wire  -  >> "Accept-Encoding: gzip,deflate[\r][\n]"
[main] DEBUG org.apache.http.wire  -  >> "[\r][\n]"
[main] DEBUG org.apache.http.headers  - >> GET /projects HTTP/1.1
[main] DEBUG org.apache.http.headers  - >> Accept: */*
[main] DEBUG org.apache.http.headers  - >> Host: localhost:8084
[main] DEBUG org.apache.http.headers  - >> Connection: Keep-Alive
[main] DEBUG org.apache.http.headers  - >> User-Agent: Apache-HttpClient/4.5.3 (Java/1.8.0_261)
[main] DEBUG org.apache.http.headers  - >> Accept-Encoding: gzip,deflate
[main] DEBUG org.apache.http.wire  -  << "HTTP/1.1 200 [\r][\n]"
[main] DEBUG org.apache.http.wire  -  << "Vary: Origin[\r][\n]"
[main] DEBUG org.apache.http.wire  -  << "Vary: Access-Control-Request-Method[\r][\n]"
[main] DEBUG org.apache.http.wire  -  << "Vary: Access-Control-Request-Headers[\r][\n]"
[main] DEBUG org.apache.http.wire  -  << "X-Content-Type-Options: nosniff[\r][\n]"
[main] DEBUG org.apache.http.wire  -  << "X-XSS-Protection: 1; mode=block[\r][\n]"
[main] DEBUG org.apache.http.wire  -  << "Cache-Control: no-cache, no-store, max-age=0, must-revalidate[\r][\n]"
[main] DEBUG org.apache.http.wire  -  << "Pragma: no-cache[\r][\n]"
[main] DEBUG org.apache.http.wire  -  << "Expires: 0[\r][\n]"
[main] DEBUG org.apache.http.wire  -  << "X-Frame-Options: DENY[\r][\n]"
[main] DEBUG org.apache.http.wire  -  << "Content-Type: application/json[\r][\n]"
[main] DEBUG org.apache.http.wire  -  << "Transfer-Encoding: chunked[\r][\n]"
[main] DEBUG org.apache.http.wire  -  << "Date: Wed, 17 Nov 2021 04:23:20 GMT[\r][\n]"
[main] DEBUG org.apache.http.wire  -  << "Keep-Alive: timeout=60[\r][\n]"
[main] DEBUG org.apache.http.wire  -  << "Connection: keep-alive[\r][\n]"
[main] DEBUG org.apache.http.wire  -  << "[\r][\n]"
[main] DEBUG org.apache.http.impl.conn.DefaultClientConnection  - Receiving response: HTTP/1.1 200 
[main] DEBUG org.apache.http.headers  - << HTTP/1.1 200 
[main] DEBUG org.apache.http.headers  - << Vary: Origin
[main] DEBUG org.apache.http.headers  - << Vary: Access-Control-Request-Method
[main] DEBUG org.apache.http.headers  - << Vary: Access-Control-Request-Headers
[main] DEBUG org.apache.http.headers  - << X-Content-Type-Options: nosniff
[main] DEBUG org.apache.http.headers  - << X-XSS-Protection: 1; mode=block
[main] DEBUG org.apache.http.headers  - << Cache-Control: no-cache, no-store, max-age=0, must-revalidate
[main] DEBUG org.apache.http.headers  - << Pragma: no-cache
[main] DEBUG org.apache.http.headers  - << Expires: 0
[main] DEBUG org.apache.http.headers  - << X-Frame-Options: DENY
[main] DEBUG org.apache.http.headers  - << Content-Type: application/json
[main] DEBUG org.apache.http.headers  - << Transfer-Encoding: chunked
[main] DEBUG org.apache.http.headers  - << Date: Wed, 17 Nov 2021 04:23:20 GMT
[main] DEBUG org.apache.http.headers  - << Keep-Alive: timeout=60
[main] DEBUG org.apache.http.headers  - << Connection: keep-alive
[main] DEBUG org.apache.http.impl.client.DefaultHttpClient  - Connection can be kept alive for 60000 MILLISECONDS
[main] DEBUG io.restassured.internal.RequestSpecificationImpl$RestAssuredHttpBuilder  - Parsing response as: application/json
[main] DEBUG io.restassured.internal.RequestSpecificationImpl$RestAssuredHttpBuilder  - Parsed data to instance of: class org.apache.http.conn.EofSensorInputStream
[main] DEBUG org.apache.http.wire  -  << "1584[\r][\n]"
[main] DEBUG org.apache.http.wire  -  << "[{"projectId":"TY_PROJ_1802","projectName":"TMRO APP","teamSize":5,"createdBy":"NitheshHS","createdOn":"18/02/2021","status":"completed"},{"projectId":"TY_PROJ_2002","projectName":"deepak_pro1","teamSize":10,"createdBy":"Deepak","createdOn":"19/02/2021","status":"created"},{"projectId":"TY_PROJ_2003","projectName":"deepak_pro12","teamSize":10,"createdBy":"Deepak","createdOn":"19/02/2021","status":"created"},{"projectId":"TY_PROJ_2004","projectName":"deepak_pro123","teamSize":10,"createdBy":"Deepak","createdOn":"19/02/2021","status":"created"},{"projectId":"TY_PROJ_2005","projectName":"deepak_pro887","teamSize":10,"createdBy":"deepak887","createdOn":"19/02/2021","status":"create"},{"projectId":"TY_PROJ_2007","projectName":"deepak_pro477","teamSize":10,"createdBy":"deepak477","createdOn":"19/02/2021","status":"create"},{"projectId":"TY_PROJ_2203","projectName":"rmgYantra","teamSize":5,"createdBy":"Bharani","createdOn":"01/03/2021","status":"Ongoing"},{"projectId":"TY_PROJ_2204","projectName":"rmgYantra","teamSize":5,"createdBy":"Bharani","createdOn":"01/03/2021","status":"Ongoing"},{"projectId":"TY_PROJ_2402","projectName":"Google","teamSize":7,"createdBy":"Nithesh","createdOn":"24/03/2021","status":"completed"},{"projectId":"TY_PROJ_2602","projectName":"SDET","teamSize":4,"createdBy":"Nithesh","createdOn":"05/04/2021","status":"On going"},{"projectId":"TY_PROJ_2802","projectName":"SkillRary","teamSize":8,"createdBy":"Nithesh","createdOn":"05/04/2021","status":"On Going"},{"projectId":"TY_PROJ_2803","projectName":"Skill","teamSize":2,"createdBy":"Nithesh","createdOn":"05/04/2021","status":"completed"},{"projectId":"TY_PROJ_2804","projectName":"Skill_688","teamSize":2,"createdBy":"Nithesh","createdOn":"05/04/2021","status":"completed"},{"projectId":"TY_PROJ_2805","projectName":"Skill22","teamSize":1,"createdBy":"Nithesh","createdOn":"06/04/2021","status":"on going"},{"projectId":"TY_PROJ_3002","projectName":"SDET12API","teamSize":15,"createdBy":"Nithesh","createdOn":"11/05/2021","status":"OnGoing"},{"projectId":"TY_PROJ_3003","projectName":"SDET12API","teamSize":15,"createdBy":"Nithesh","createdOn":"11/05/2021","status":"OnGoing"},{"projectId":"TY_PROJ_3004","projectName":null,"teamSize":15,"createdBy":"Nithesh","createdOn":"11/05/2021","status":"OnGoing"},{"projectId":"TY_PROJ_3005","projectName":"RMG","teamSize":10,"createdBy":"NitheshHS","createdOn":"11/05/2021","status":"Completed"},{"projectId":"TY_PROJ_3006","projectName":"Appium","teamSize":10,"createdBy":"Pavan","createdOn":"11/05/2021","status":"OnGoing"},{"projectId":"TY_PROJ_3202","projectName":"SDET12","teamSize":15,"createdBy":"NitheshHS","createdOn":"12/05/2021","status":"Ongoing"},{"projectId":"TY_PROJ_3203","projectName":"SDET12","teamSize":15,"createdBy":"NitheshHS","createdOn":"12/05/2021","status":"Ongoing"},{"projectId":"TY_PROJ_3206","projectName":"SDET12","teamSize":15,"createdBy":"NitheshHS","createdOn":"12/05/2021","status":"Ongoing"},{"projectId":"TY_PROJ_3207","projectName":"deepak_pro-3","teamSize":10,"createdBy":"deepak","createdOn":"12/05/2021","status":"Completed"},{"projectId":"TY_PROJ_3208","projectName":"RMG_Yantra","teamSize":10,"createdBy":"Nithesh","createdOn":"12/05/2021","status":"onGoing"},{"projectId":"TY_PROJ_3209","projectName":"SDET12","teamSize":15,"createdBy":"NitheshHS","createdOn":"12/05/2021","status":"Ongoing"},{"projectId":"TY_PROJ_3403","projectName":"Flipkart","teamSize":0,"createdBy":"Nithesh","createdOn":"19/05/2021","status":"Completed"},{"projectId":"TY_PROJ_3404","projectName":"TMRO","teamSize":7,"createdBy":"Nithesh","createdOn":"19/05/2021","status":"completed"},{"projectId":"TY_PROJ_3405","projectName":"TMRO","teamSize":7,"createdBy":"Nithesh","createdOn":"19/05/2021","status":"completed"},{"projectId":"TY_PROJ_3406","projectName":"TMRO","teamSize":7,"createdBy":"Nithesh","createdOn":"19/05/2021","status":"completed"},{"projectId":"TY_PROJ_3407","projectName":"RMO","teamSize":5,"createdBy":"NitheshGowda","createdOn":"19/05/2021","status":"completed"},{"projectId":"TY_PROJ_3602","projectName":"MPL","teamSize":10,"createdBy":"Test Yantra","createdOn":"20/05/2021","status":"on going"},{"projectId":"TY_PROJ_3603","projectName":"MPL123","teamSize":10,"createdBy":"Test Yantra","createdOn":"20/05/2021","status":"on going"},{"projectId":"TY_PROJ_3604","projectName":"Project_1","teamSize":5,"createdBy":"Nithesh","createdOn":"20/05/2021","status":"On Going"},{"projectId":"TY_PROJ_3605","projectName":"Project_2","teamSize":4,"createdBy":"Prakash","createdOn":"20/05/2021","status":"Completed"},{"projectId":"TY_PROJ_3606","projectName":"Project_3","teamSize":3,"createdBy":"Pavan","createdOn":"20/05/2021","status":"Created"},{"projectId":"TY_PROJ_3607","projectName":"RMO","teamSize":5,"createdBy":"NitheshGowda","createdOn":"20/05/2021","status":"completed"},{"projectId":"TY_PROJ_3608","projectName":"RMO","teamSize":5,"createdBy":"NitheshGowda","createdOn":"20/05/2021","status":"completed"},{"projectId":"TY_PROJ_3609","projectName":"RMO","teamSize":5,"createdBy":"NitheshGowda","createdOn":"20/05/2021","status":"completed"},{"projectId":"TY_PROJ_3802","projectName":"Sdet","teamSize":10,"createdBy":"NitheshHS","createdOn":"24/09/2021","status":"Created"},{"projectId":"TY_PROJ_4002","projectName":"MY Project","teamSize":1,"createdBy":"Nithesh","createdOn":"26/10/2021","status":"Created"},{"projectId":"TY_PROJ_4202","projectName":"SDET24","teamSize":0,"createdBy":"Nithesh","createdOn":"27/10/2021","status":"Created"}]"
[main] DEBUG org.apache.http.wire  -  << "[\r][\n]"
[main] DEBUG org.apache.http.wire  -  << "0[\r][\n]"
[main] DEBUG org.apache.http.wire  -  << "[\r][\n]"
[main] DEBUG org.apache.http.impl.conn.BasicClientConnectionManager  - Releasing connection org.apache.http.impl.conn.ManagedClientConnectionImpl@24e5389c
[main] DEBUG org.apache.http.impl.conn.BasicClientConnectionManager  - Connection can be kept alive for 60000 MILLISECONDS
[main] INFO  com.restapi.base.LoggerClass  - URL: http://localhost:8084/projects
[main] DEBUG org.apache.http.impl.conn.BasicClientConnectionManager  - Get connection for route {}->http://localhost:8084
[main] DEBUG org.apache.http.impl.conn.DefaultClientConnectionOperator  - Connecting to localhost:8084
[main] DEBUG org.apache.http.client.protocol.RequestAddCookies  - CookieSpec selected: ignoreCookies
[main] DEBUG org.apache.http.client.protocol.RequestAuthCache  - Auth cache not set in the context
[main] DEBUG org.apache.http.client.protocol.RequestTargetAuthentication  - Target auth state: UNCHALLENGED
[main] DEBUG org.apache.http.client.protocol.RequestProxyAuthentication  - Proxy auth state: UNCHALLENGED
[main] DEBUG org.apache.http.impl.client.DefaultHttpClient  - Attempt 1 to execute request
[main] DEBUG org.apache.http.impl.conn.DefaultClientConnection  - Sending request: GET /projects HTTP/1.1
[main] DEBUG org.apache.http.wire  -  >> "GET /projects HTTP/1.1[\r][\n]"
[main] DEBUG org.apache.http.wire  -  >> "Accept: */*[\r][\n]"
[main] DEBUG org.apache.http.wire  -  >> "Host: localhost:8084[\r][\n]"
[main] DEBUG org.apache.http.wire  -  >> "Connection: Keep-Alive[\r][\n]"
[main] DEBUG org.apache.http.wire  -  >> "User-Agent: Apache-HttpClient/4.5.3 (Java/1.8.0_261)[\r][\n]"
[main] DEBUG org.apache.http.wire  -  >> "Accept-Encoding: gzip,deflate[\r][\n]"
[main] DEBUG org.apache.http.wire  -  >> "[\r][\n]"
[main] DEBUG org.apache.http.headers  - >> GET /projects HTTP/1.1
[main] DEBUG org.apache.http.headers  - >> Accept: */*
[main] DEBUG org.apache.http.headers  - >> Host: localhost:8084
[main] DEBUG org.apache.http.headers  - >> Connection: Keep-Alive
[main] DEBUG org.apache.http.headers  - >> User-Agent: Apache-HttpClient/4.5.3 (Java/1.8.0_261)
[main] DEBUG org.apache.http.headers  - >> Accept-Encoding: gzip,deflate
[main] DEBUG org.apache.http.wire  -  << "HTTP/1.1 200 [\r][\n]"
[main] DEBUG org.apache.http.wire  -  << "Vary: Origin[\r][\n]"
[main] DEBUG org.apache.http.wire  -  << "Vary: Access-Control-Request-Method[\r][\n]"
[main] DEBUG org.apache.http.wire  -  << "Vary: Access-Control-Request-Headers[\r][\n]"
[main] DEBUG org.apache.http.wire  -  << "X-Content-Type-Options: nosniff[\r][\n]"
[main] DEBUG org.apache.http.wire  -  << "X-XSS-Protection: 1; mode=block[\r][\n]"
[main] DEBUG org.apache.http.wire  -  << "Cache-Control: no-cache, no-store, max-age=0, must-revalidate[\r][\n]"
[main] DEBUG org.apache.http.wire  -  << "Pragma: no-cache[\r][\n]"
[main] DEBUG org.apache.http.wire  -  << "Expires: 0[\r][\n]"
[main] DEBUG org.apache.http.wire  -  << "X-Frame-Options: DENY[\r][\n]"
[main] DEBUG org.apache.http.wire  -  << "Content-Type: application/json[\r][\n]"
[main] DEBUG org.apache.http.wire  -  << "Transfer-Encoding: chunked[\r][\n]"
[main] DEBUG org.apache.http.wire  -  << "Date: Wed, 17 Nov 2021 06:51:16 GMT[\r][\n]"
[main] DEBUG org.apache.http.wire  -  << "Keep-Alive: timeout=60[\r][\n]"
[main] DEBUG org.apache.http.wire  -  << "Connection: keep-alive[\r][\n]"
[main] DEBUG org.apache.http.wire  -  << "[\r][\n]"
[main] DEBUG org.apache.http.impl.conn.DefaultClientConnection  - Receiving response: HTTP/1.1 200 
[main] DEBUG org.apache.http.headers  - << HTTP/1.1 200 
[main] DEBUG org.apache.http.headers  - << Vary: Origin
[main] DEBUG org.apache.http.headers  - << Vary: Access-Control-Request-Method
[main] DEBUG org.apache.http.headers  - << Vary: Access-Control-Request-Headers
[main] DEBUG org.apache.http.headers  - << X-Content-Type-Options: nosniff
[main] DEBUG org.apache.http.headers  - << X-XSS-Protection: 1; mode=block
[main] DEBUG org.apache.http.headers  - << Cache-Control: no-cache, no-store, max-age=0, must-revalidate
[main] DEBUG org.apache.http.headers  - << Pragma: no-cache
[main] DEBUG org.apache.http.headers  - << Expires: 0
[main] DEBUG org.apache.http.headers  - << X-Frame-Options: DENY
[main] DEBUG org.apache.http.headers  - << Content-Type: application/json
[main] DEBUG org.apache.http.headers  - << Transfer-Encoding: chunked
[main] DEBUG org.apache.http.headers  - << Date: Wed, 17 Nov 2021 06:51:16 GMT
[main] DEBUG org.apache.http.headers  - << Keep-Alive: timeout=60
[main] DEBUG org.apache.http.headers  - << Connection: keep-alive
[main] DEBUG org.apache.http.impl.client.DefaultHttpClient  - Connection can be kept alive for 60000 MILLISECONDS
[main] DEBUG io.restassured.internal.RequestSpecificationImpl$RestAssuredHttpBuilder  - Parsing response as: application/json
[main] DEBUG io.restassured.internal.RequestSpecificationImpl$RestAssuredHttpBuilder  - Parsed data to instance of: class org.apache.http.conn.EofSensorInputStream
[main] DEBUG org.apache.http.wire  -  << "1584[\r][\n]"
[main] DEBUG org.apache.http.wire  -  << "[{"projectId":"TY_PROJ_1802","projectName":"TMRO APP","teamSize":5,"createdBy":"NitheshHS","createdOn":"18/02/2021","status":"completed"},{"projectId":"TY_PROJ_2002","projectName":"deepak_pro1","teamSize":10,"createdBy":"Deepak","createdOn":"19/02/2021","status":"created"},{"projectId":"TY_PROJ_2003","projectName":"deepak_pro12","teamSize":10,"createdBy":"Deepak","createdOn":"19/02/2021","status":"created"},{"projectId":"TY_PROJ_2004","projectName":"deepak_pro123","teamSize":10,"createdBy":"Deepak","createdOn":"19/02/2021","status":"created"},{"projectId":"TY_PROJ_2005","projectName":"deepak_pro887","teamSize":10,"createdBy":"deepak887","createdOn":"19/02/2021","status":"create"},{"projectId":"TY_PROJ_2007","projectName":"deepak_pro477","teamSize":10,"createdBy":"deepak477","createdOn":"19/02/2021","status":"create"},{"projectId":"TY_PROJ_2203","projectName":"rmgYantra","teamSize":5,"createdBy":"Bharani","createdOn":"01/03/2021","status":"Ongoing"},{"projectId":"TY_PROJ_2204","projectName":"rmgYantra","teamSize":5,"createdBy":"Bharani","createdOn":"01/03/2021","status":"Ongoing"},{"projectId":"TY_PROJ_2402","projectName":"Google","teamSize":7,"createdBy":"Nithesh","createdOn":"24/03/2021","status":"completed"},{"projectId":"TY_PROJ_2602","projectName":"SDET","teamSize":4,"createdBy":"Nithesh","createdOn":"05/04/2021","status":"On going"},{"projectId":"TY_PROJ_2802","projectName":"SkillRary","teamSize":8,"createdBy":"Nithesh","createdOn":"05/04/2021","status":"On Going"},{"projectId":"TY_PROJ_2803","projectName":"Skill","teamSize":2,"createdBy":"Nithesh","createdOn":"05/04/2021","status":"completed"},{"projectId":"TY_PROJ_2804","projectName":"Skill_688","teamSize":2,"createdBy":"Nithesh","createdOn":"05/04/2021","status":"completed"},{"projectId":"TY_PROJ_2805","projectName":"Skill22","teamSize":1,"createdBy":"Nithesh","createdOn":"06/04/2021","status":"on going"},{"projectId":"TY_PROJ_3002","projectName":"SDET12API","teamSize":15,"createdBy":"Nithesh","createdOn":"11/05/2021","status":"OnGoing"},{"projectId":"TY_PROJ_3003","projectName":"SDET12API","teamSize":15,"createdBy":"Nithesh","createdOn":"11/05/2021","status":"OnGoing"},{"projectId":"TY_PROJ_3004","projectName":null,"teamSize":15,"createdBy":"Nithesh","createdOn":"11/05/2021","status":"OnGoing"},{"projectId":"TY_PROJ_3005","projectName":"RMG","teamSize":10,"createdBy":"NitheshHS","createdOn":"11/05/2021","status":"Completed"},{"projectId":"TY_PROJ_3006","projectName":"Appium","teamSize":10,"createdBy":"Pavan","createdOn":"11/05/2021","status":"OnGoing"},{"projectId":"TY_PROJ_3202","projectName":"SDET12","teamSize":15,"createdBy":"NitheshHS","createdOn":"12/05/2021","status":"Ongoing"},{"projectId":"TY_PROJ_3203","projectName":"SDET12","teamSize":15,"createdBy":"NitheshHS","createdOn":"12/05/2021","status":"Ongoing"},{"projectId":"TY_PROJ_3206","projectName":"SDET12","teamSize":15,"createdBy":"NitheshHS","createdOn":"12/05/2021","status":"Ongoing"},{"projectId":"TY_PROJ_3207","projectName":"deepak_pro-3","teamSize":10,"createdBy":"deepak","createdOn":"12/05/2021","status":"Completed"},{"projectId":"TY_PROJ_3208","projectName":"RMG_Yantra","teamSize":10,"createdBy":"Nithesh","createdOn":"12/05/2021","status":"onGoing"},{"projectId":"TY_PROJ_3209","projectName":"SDET12","teamSize":15,"createdBy":"NitheshHS","createdOn":"12/05/2021","status":"Ongoing"},{"projectId":"TY_PROJ_3403","projectName":"Flipkart","teamSize":0,"createdBy":"Nithesh","createdOn":"19/05/2021","status":"Completed"},{"projectId":"TY_PROJ_3404","projectName":"TMRO","teamSize":7,"createdBy":"Nithesh","createdOn":"19/05/2021","status":"completed"},{"projectId":"TY_PROJ_3405","projectName":"TMRO","teamSize":7,"createdBy":"Nithesh","createdOn":"19/05/2021","status":"completed"},{"projectId":"TY_PROJ_3406","projectName":"TMRO","teamSize":7,"createdBy":"Nithesh","createdOn":"19/05/2021","status":"completed"},{"projectId":"TY_PROJ_3407","projectName":"RMO","teamSize":5,"createdBy":"NitheshGowda","createdOn":"19/05/2021","status":"completed"},{"projectId":"TY_PROJ_3602","projectName":"MPL","teamSize":10,"createdBy":"Test Yantra","createdOn":"20/05/2021","status":"on going"},{"projectId":"TY_PROJ_3603","projectName":"MPL123","teamSize":10,"createdBy":"Test Yantra","createdOn":"20/05/2021","status":"on going"},{"projectId":"TY_PROJ_3604","projectName":"Project_1","teamSize":5,"createdBy":"Nithesh","createdOn":"20/05/2021","status":"On Going"},{"projectId":"TY_PROJ_3605","projectName":"Project_2","teamSize":4,"createdBy":"Prakash","createdOn":"20/05/2021","status":"Completed"},{"projectId":"TY_PROJ_3606","projectName":"Project_3","teamSize":3,"createdBy":"Pavan","createdOn":"20/05/2021","status":"Created"},{"projectId":"TY_PROJ_3607","projectName":"RMO","teamSize":5,"createdBy":"NitheshGowda","createdOn":"20/05/2021","status":"completed"},{"projectId":"TY_PROJ_3608","projectName":"RMO","teamSize":5,"createdBy":"NitheshGowda","createdOn":"20/05/2021","status":"completed"},{"projectId":"TY_PROJ_3609","projectName":"RMO","teamSize":5,"createdBy":"NitheshGowda","createdOn":"20/05/2021","status":"completed"},{"projectId":"TY_PROJ_3802","projectName":"Sdet","teamSize":10,"createdBy":"NitheshHS","createdOn":"24/09/2021","status":"Created"},{"projectId":"TY_PROJ_4002","projectName":"MY Project","teamSize":1,"createdBy":"Nithesh","createdOn":"26/10/2021","status":"Created"},{"projectId":"TY_PROJ_4202","projectName":"SDET24","teamSize":0,"createdBy":"Nithesh","createdOn":"27/10/2021","status":"Created"}]"
[main] DEBUG org.apache.http.wire  -  << "[\r][\n]"
[main] DEBUG org.apache.http.wire  -  << "0[\r][\n]"
[main] DEBUG org.apache.http.wire  -  << "[\r][\n]"
[main] DEBUG org.apache.http.impl.conn.BasicClientConnectionManager  - Releasing connection org.apache.http.impl.conn.ManagedClientConnectionImpl@6f315b08
[main] DEBUG org.apache.http.impl.conn.BasicClientConnectionManager  - Connection can be kept alive for 60000 MILLISECONDS
[main] INFO  com.restapi.base.LoggerClass  - URL: http://localhost:8084/projects
[main] DEBUG org.apache.http.impl.conn.BasicClientConnectionManager  - Get connection for route {}->http://localhost:8084
[main] DEBUG org.apache.http.impl.conn.DefaultClientConnectionOperator  - Connecting to localhost:8084
[main] DEBUG org.apache.http.client.protocol.RequestAddCookies  - CookieSpec selected: ignoreCookies
[main] DEBUG org.apache.http.client.protocol.RequestAuthCache  - Auth cache not set in the context
[main] DEBUG org.apache.http.client.protocol.RequestTargetAuthentication  - Target auth state: UNCHALLENGED
[main] DEBUG org.apache.http.client.protocol.RequestProxyAuthentication  - Proxy auth state: UNCHALLENGED
[main] DEBUG org.apache.http.impl.client.DefaultHttpClient  - Attempt 1 to execute request
[main] DEBUG org.apache.http.impl.conn.DefaultClientConnection  - Sending request: GET /projects HTTP/1.1
[main] DEBUG org.apache.http.wire  -  >> "GET /projects HTTP/1.1[\r][\n]"
[main] DEBUG org.apache.http.wire  -  >> "Accept: */*[\r][\n]"
[main] DEBUG org.apache.http.wire  -  >> "Host: localhost:8084[\r][\n]"
[main] DEBUG org.apache.http.wire  -  >> "Connection: Keep-Alive[\r][\n]"
[main] DEBUG org.apache.http.wire  -  >> "User-Agent: Apache-HttpClient/4.5.3 (Java/1.8.0_261)[\r][\n]"
[main] DEBUG org.apache.http.wire  -  >> "Accept-Encoding: gzip,deflate[\r][\n]"
[main] DEBUG org.apache.http.wire  -  >> "[\r][\n]"
[main] DEBUG org.apache.http.headers  - >> GET /projects HTTP/1.1
[main] DEBUG org.apache.http.headers  - >> Accept: */*
[main] DEBUG org.apache.http.headers  - >> Host: localhost:8084
[main] DEBUG org.apache.http.headers  - >> Connection: Keep-Alive
[main] DEBUG org.apache.http.headers  - >> User-Agent: Apache-HttpClient/4.5.3 (Java/1.8.0_261)
[main] DEBUG org.apache.http.headers  - >> Accept-Encoding: gzip,deflate
[main] DEBUG org.apache.http.wire  -  << "HTTP/1.1 200 [\r][\n]"
[main] DEBUG org.apache.http.wire  -  << "Vary: Origin[\r][\n]"
[main] DEBUG org.apache.http.wire  -  << "Vary: Access-Control-Request-Method[\r][\n]"
[main] DEBUG org.apache.http.wire  -  << "Vary: Access-Control-Request-Headers[\r][\n]"
[main] DEBUG org.apache.http.wire  -  << "X-Content-Type-Options: nosniff[\r][\n]"
[main] DEBUG org.apache.http.wire  -  << "X-XSS-Protection: 1; mode=block[\r][\n]"
[main] DEBUG org.apache.http.wire  -  << "Cache-Control: no-cache, no-store, max-age=0, must-revalidate[\r][\n]"
[main] DEBUG org.apache.http.wire  -  << "Pragma: no-cache[\r][\n]"
[main] DEBUG org.apache.http.wire  -  << "Expires: 0[\r][\n]"
[main] DEBUG org.apache.http.wire  -  << "X-Frame-Options: DENY[\r][\n]"
[main] DEBUG org.apache.http.wire  -  << "Content-Type: application/json[\r][\n]"
[main] DEBUG org.apache.http.wire  -  << "Transfer-Encoding: chunked[\r][\n]"
[main] DEBUG org.apache.http.wire  -  << "Date: Wed, 17 Nov 2021 07:00:04 GMT[\r][\n]"
[main] DEBUG org.apache.http.wire  -  << "Keep-Alive: timeout=60[\r][\n]"
[main] DEBUG org.apache.http.wire  -  << "Connection: keep-alive[\r][\n]"
[main] DEBUG org.apache.http.wire  -  << "[\r][\n]"
[main] DEBUG org.apache.http.impl.conn.DefaultClientConnection  - Receiving response: HTTP/1.1 200 
[main] DEBUG org.apache.http.headers  - << HTTP/1.1 200 
[main] DEBUG org.apache.http.headers  - << Vary: Origin
[main] DEBUG org.apache.http.headers  - << Vary: Access-Control-Request-Method
[main] DEBUG org.apache.http.headers  - << Vary: Access-Control-Request-Headers
[main] DEBUG org.apache.http.headers  - << X-Content-Type-Options: nosniff
[main] DEBUG org.apache.http.headers  - << X-XSS-Protection: 1; mode=block
[main] DEBUG org.apache.http.headers  - << Cache-Control: no-cache, no-store, max-age=0, must-revalidate
[main] DEBUG org.apache.http.headers  - << Pragma: no-cache
[main] DEBUG org.apache.http.headers  - << Expires: 0
[main] DEBUG org.apache.http.headers  - << X-Frame-Options: DENY
[main] DEBUG org.apache.http.headers  - << Content-Type: application/json
[main] DEBUG org.apache.http.headers  - << Transfer-Encoding: chunked
[main] DEBUG org.apache.http.headers  - << Date: Wed, 17 Nov 2021 07:00:04 GMT
[main] DEBUG org.apache.http.headers  - << Keep-Alive: timeout=60
[main] DEBUG org.apache.http.headers  - << Connection: keep-alive
[main] DEBUG org.apache.http.impl.client.DefaultHttpClient  - Connection can be kept alive for 60000 MILLISECONDS
[main] DEBUG io.restassured.internal.RequestSpecificationImpl$RestAssuredHttpBuilder  - Parsing response as: application/json
[main] DEBUG io.restassured.internal.RequestSpecificationImpl$RestAssuredHttpBuilder  - Parsed data to instance of: class org.apache.http.conn.EofSensorInputStream
[main] DEBUG org.apache.http.wire  -  << "1584[\r][\n]"
[main] DEBUG org.apache.http.wire  -  << "[{"projectId":"TY_PROJ_1802","projectName":"TMRO APP","teamSize":5,"createdBy":"NitheshHS","createdOn":"18/02/2021","status":"completed"},{"projectId":"TY_PROJ_2002","projectName":"deepak_pro1","teamSize":10,"createdBy":"Deepak","createdOn":"19/02/2021","status":"created"},{"projectId":"TY_PROJ_2003","projectName":"deepak_pro12","teamSize":10,"createdBy":"Deepak","createdOn":"19/02/2021","status":"created"},{"projectId":"TY_PROJ_2004","projectName":"deepak_pro123","teamSize":10,"createdBy":"Deepak","createdOn":"19/02/2021","status":"created"},{"projectId":"TY_PROJ_2005","projectName":"deepak_pro887","teamSize":10,"createdBy":"deepak887","createdOn":"19/02/2021","status":"create"},{"projectId":"TY_PROJ_2007","projectName":"deepak_pro477","teamSize":10,"createdBy":"deepak477","createdOn":"19/02/2021","status":"create"},{"projectId":"TY_PROJ_2203","projectName":"rmgYantra","teamSize":5,"createdBy":"Bharani","createdOn":"01/03/2021","status":"Ongoing"},{"projectId":"TY_PROJ_2204","projectName":"rmgYantra","teamSize":5,"createdBy":"Bharani","createdOn":"01/03/2021","status":"Ongoing"},{"projectId":"TY_PROJ_2402","projectName":"Google","teamSize":7,"createdBy":"Nithesh","createdOn":"24/03/2021","status":"completed"},{"projectId":"TY_PROJ_2602","projectName":"SDET","teamSize":4,"createdBy":"Nithesh","createdOn":"05/04/2021","status":"On going"},{"projectId":"TY_PROJ_2802","projectName":"SkillRary","teamSize":8,"createdBy":"Nithesh","createdOn":"05/04/2021","status":"On Going"},{"projectId":"TY_PROJ_2803","projectName":"Skill","teamSize":2,"createdBy":"Nithesh","createdOn":"05/04/2021","status":"completed"},{"projectId":"TY_PROJ_2804","projectName":"Skill_688","teamSize":2,"createdBy":"Nithesh","createdOn":"05/04/2021","status":"completed"},{"projectId":"TY_PROJ_2805","projectName":"Skill22","teamSize":1,"createdBy":"Nithesh","createdOn":"06/04/2021","status":"on going"},{"projectId":"TY_PROJ_3002","projectName":"SDET12API","teamSize":15,"createdBy":"Nithesh","createdOn":"11/05/2021","status":"OnGoing"},{"projectId":"TY_PROJ_3003","projectName":"SDET12API","teamSize":15,"createdBy":"Nithesh","createdOn":"11/05/2021","status":"OnGoing"},{"projectId":"TY_PROJ_3004","projectName":null,"teamSize":15,"createdBy":"Nithesh","createdOn":"11/05/2021","status":"OnGoing"},{"projectId":"TY_PROJ_3005","projectName":"RMG","teamSize":10,"createdBy":"NitheshHS","createdOn":"11/05/2021","status":"Completed"},{"projectId":"TY_PROJ_3006","projectName":"Appium","teamSize":10,"createdBy":"Pavan","createdOn":"11/05/2021","status":"OnGoing"},{"projectId":"TY_PROJ_3202","projectName":"SDET12","teamSize":15,"createdBy":"NitheshHS","createdOn":"12/05/2021","status":"Ongoing"},{"projectId":"TY_PROJ_3203","projectName":"SDET12","teamSize":15,"createdBy":"NitheshHS","createdOn":"12/05/2021","status":"Ongoing"},{"projectId":"TY_PROJ_3206","projectName":"SDET12","teamSize":15,"createdBy":"NitheshHS","createdOn":"12/05/2021","status":"Ongoing"},{"projectId":"TY_PROJ_3207","projectName":"deepak_pro-3","teamSize":10,"createdBy":"deepak","createdOn":"12/05/2021","status":"Completed"},{"projectId":"TY_PROJ_3208","projectName":"RMG_Yantra","teamSize":10,"createdBy":"Nithesh","createdOn":"12/05/2021","status":"onGoing"},{"projectId":"TY_PROJ_3209","projectName":"SDET12","teamSize":15,"createdBy":"NitheshHS","createdOn":"12/05/2021","status":"Ongoing"},{"projectId":"TY_PROJ_3403","projectName":"Flipkart","teamSize":0,"createdBy":"Nithesh","createdOn":"19/05/2021","status":"Completed"},{"projectId":"TY_PROJ_3404","projectName":"TMRO","teamSize":7,"createdBy":"Nithesh","createdOn":"19/05/2021","status":"completed"},{"projectId":"TY_PROJ_3405","projectName":"TMRO","teamSize":7,"createdBy":"Nithesh","createdOn":"19/05/2021","status":"completed"},{"projectId":"TY_PROJ_3406","projectName":"TMRO","teamSize":7,"createdBy":"Nithesh","createdOn":"19/05/2021","status":"completed"},{"projectId":"TY_PROJ_3407","projectName":"RMO","teamSize":5,"createdBy":"NitheshGowda","createdOn":"19/05/2021","status":"completed"},{"projectId":"TY_PROJ_3602","projectName":"MPL","teamSize":10,"createdBy":"Test Yantra","createdOn":"20/05/2021","status":"on going"},{"projectId":"TY_PROJ_3603","projectName":"MPL123","teamSize":10,"createdBy":"Test Yantra","createdOn":"20/05/2021","status":"on going"},{"projectId":"TY_PROJ_3604","projectName":"Project_1","teamSize":5,"createdBy":"Nithesh","createdOn":"20/05/2021","status":"On Going"},{"projectId":"TY_PROJ_3605","projectName":"Project_2","teamSize":4,"createdBy":"Prakash","createdOn":"20/05/2021","status":"Completed"},{"projectId":"TY_PROJ_3606","projectName":"Project_3","teamSize":3,"createdBy":"Pavan","createdOn":"20/05/2021","status":"Created"},{"projectId":"TY_PROJ_3607","projectName":"RMO","teamSize":5,"createdBy":"NitheshGowda","createdOn":"20/05/2021","status":"completed"},{"projectId":"TY_PROJ_3608","projectName":"RMO","teamSize":5,"createdBy":"NitheshGowda","createdOn":"20/05/2021","status":"completed"},{"projectId":"TY_PROJ_3609","projectName":"RMO","teamSize":5,"createdBy":"NitheshGowda","createdOn":"20/05/2021","status":"completed"},{"projectId":"TY_PROJ_3802","projectName":"Sdet","teamSize":10,"createdBy":"NitheshHS","createdOn":"24/09/2021","status":"Created"},{"projectId":"TY_PROJ_4002","projectName":"MY Project","teamSize":1,"createdBy":"Nithesh","createdOn":"26/10/2021","status":"Created"},{"projectId":"TY_PROJ_4202","projectName":"SDET24","teamSize":0,"createdBy":"Nithesh","createdOn":"27/10/2021","status":"Created"}]"
[main] DEBUG org.apache.http.wire  -  << "[\r][\n]"
[main] DEBUG org.apache.http.wire  -  << "0[\r][\n]"
[main] DEBUG org.apache.http.wire  -  << "[\r][\n]"
[main] DEBUG org.apache.http.impl.conn.BasicClientConnectionManager  - Releasing connection org.apache.http.impl.conn.ManagedClientConnectionImpl@7037a680
[main] DEBUG org.apache.http.impl.conn.BasicClientConnectionManager  - Connection can be kept alive for 60000 MILLISECONDS
[main] INFO  com.restapi.base.LoggerClass  - Payload: com.restapi.serialize.Project@62df0ff3 URL: http://localhost:8084/addProject
[main] DEBUG org.apache.http.impl.conn.BasicClientConnectionManager  - Get connection for route {}->http://localhost:8084
[main] DEBUG org.apache.http.impl.conn.DefaultClientConnectionOperator  - Connecting to localhost:8084
[main] DEBUG org.apache.http.client.protocol.RequestAddCookies  - CookieSpec selected: ignoreCookies
[main] DEBUG org.apache.http.client.protocol.RequestAuthCache  - Auth cache not set in the context
[main] DEBUG org.apache.http.client.protocol.RequestTargetAuthentication  - Target auth state: UNCHALLENGED
[main] DEBUG org.apache.http.client.protocol.RequestProxyAuthentication  - Proxy auth state: UNCHALLENGED
[main] DEBUG org.apache.http.impl.client.DefaultHttpClient  - Attempt 1 to execute request
[main] DEBUG org.apache.http.impl.conn.DefaultClientConnection  - Sending request: POST /addProject HTTP/1.1
[main] DEBUG org.apache.http.wire  -  >> "POST /addProject HTTP/1.1[\r][\n]"
[main] DEBUG org.apache.http.wire  -  >> "Accept: */*[\r][\n]"
[main] DEBUG org.apache.http.wire  -  >> "Content-Type: application/json; charset=UTF-8[\r][\n]"
[main] DEBUG org.apache.http.wire  -  >> "Content-Length: 88[\r][\n]"
[main] DEBUG org.apache.http.wire  -  >> "Host: localhost:8084[\r][\n]"
[main] DEBUG org.apache.http.wire  -  >> "Connection: Keep-Alive[\r][\n]"
[main] DEBUG org.apache.http.wire  -  >> "User-Agent: Apache-HttpClient/4.5.3 (Java/1.8.0_261)[\r][\n]"
[main] DEBUG org.apache.http.wire  -  >> "Accept-Encoding: gzip,deflate[\r][\n]"
[main] DEBUG org.apache.http.wire  -  >> "[\r][\n]"
[main] DEBUG org.apache.http.headers  - >> POST /addProject HTTP/1.1
[main] DEBUG org.apache.http.headers  - >> Accept: */*
[main] DEBUG org.apache.http.headers  - >> Content-Type: application/json; charset=UTF-8
[main] DEBUG org.apache.http.headers  - >> Content-Length: 88
[main] DEBUG org.apache.http.headers  - >> Host: localhost:8084
[main] DEBUG org.apache.http.headers  - >> Connection: Keep-Alive
[main] DEBUG org.apache.http.headers  - >> User-Agent: Apache-HttpClient/4.5.3 (Java/1.8.0_261)
[main] DEBUG org.apache.http.headers  - >> Accept-Encoding: gzip,deflate
[main] DEBUG org.apache.http.wire  -  >> "{"createdBy":"Nithesh","projectName":"RestAPIFramework","status":"OnGoing","teamSize":1}"
[main] DEBUG org.apache.http.wire  -  << "HTTP/1.1 201 [\r][\n]"
[main] DEBUG org.apache.http.wire  -  << "Vary: Origin[\r][\n]"
[main] DEBUG org.apache.http.wire  -  << "Vary: Access-Control-Request-Method[\r][\n]"
[main] DEBUG org.apache.http.wire  -  << "Vary: Access-Control-Request-Headers[\r][\n]"
[main] DEBUG org.apache.http.wire  -  << "X-Content-Type-Options: nosniff[\r][\n]"
[main] DEBUG org.apache.http.wire  -  << "X-XSS-Protection: 1; mode=block[\r][\n]"
[main] DEBUG org.apache.http.wire  -  << "Cache-Control: no-cache, no-store, max-age=0, must-revalidate[\r][\n]"
[main] DEBUG org.apache.http.wire  -  << "Pragma: no-cache[\r][\n]"
[main] DEBUG org.apache.http.wire  -  << "Expires: 0[\r][\n]"
[main] DEBUG org.apache.http.wire  -  << "X-Frame-Options: DENY[\r][\n]"
[main] DEBUG org.apache.http.wire  -  << "Content-Type: application/json[\r][\n]"
[main] DEBUG org.apache.http.wire  -  << "Transfer-Encoding: chunked[\r][\n]"
[main] DEBUG org.apache.http.wire  -  << "Date: Wed, 17 Nov 2021 08:22:21 GMT[\r][\n]"
[main] DEBUG org.apache.http.wire  -  << "Keep-Alive: timeout=60[\r][\n]"
[main] DEBUG org.apache.http.wire  -  << "Connection: keep-alive[\r][\n]"
[main] DEBUG org.apache.http.wire  -  << "[\r][\n]"
[main] DEBUG org.apache.http.impl.conn.DefaultClientConnection  - Receiving response: HTTP/1.1 201 
[main] DEBUG org.apache.http.headers  - << HTTP/1.1 201 
[main] DEBUG org.apache.http.headers  - << Vary: Origin
[main] DEBUG org.apache.http.headers  - << Vary: Access-Control-Request-Method
[main] DEBUG org.apache.http.headers  - << Vary: Access-Control-Request-Headers
[main] DEBUG org.apache.http.headers  - << X-Content-Type-Options: nosniff
[main] DEBUG org.apache.http.headers  - << X-XSS-Protection: 1; mode=block
[main] DEBUG org.apache.http.headers  - << Cache-Control: no-cache, no-store, max-age=0, must-revalidate
[main] DEBUG org.apache.http.headers  - << Pragma: no-cache
[main] DEBUG org.apache.http.headers  - << Expires: 0
[main] DEBUG org.apache.http.headers  - << X-Frame-Options: DENY
[main] DEBUG org.apache.http.headers  - << Content-Type: application/json
[main] DEBUG org.apache.http.headers  - << Transfer-Encoding: chunked
[main] DEBUG org.apache.http.headers  - << Date: Wed, 17 Nov 2021 08:22:21 GMT
[main] DEBUG org.apache.http.headers  - << Keep-Alive: timeout=60
[main] DEBUG org.apache.http.headers  - << Connection: keep-alive
[main] DEBUG org.apache.http.impl.client.DefaultHttpClient  - Connection can be kept alive for 60000 MILLISECONDS
[main] DEBUG io.restassured.internal.RequestSpecificationImpl$RestAssuredHttpBuilder  - Parsing response as: application/json
[main] DEBUG io.restassured.internal.RequestSpecificationImpl$RestAssuredHttpBuilder  - Parsed data to instance of: class org.apache.http.conn.EofSensorInputStream
[main] DEBUG org.apache.http.wire  -  << "9a[\r][\n]"
[main] DEBUG org.apache.http.wire  -  << "{"msg":"Successfully Added","createdBy":"Nithesh","projectName":"RestAPIFramework","projectId":"TY_PROJ_4402","createdOn":"17/11/2021","status":"OnGoing"}"
[main] DEBUG org.apache.http.wire  -  << "[\r][\n]"
[main] DEBUG org.apache.http.wire  -  << "0[\r][\n]"
[main] DEBUG org.apache.http.wire  -  << "[\r][\n]"
[main] DEBUG org.apache.http.impl.conn.BasicClientConnectionManager  - Releasing connection org.apache.http.impl.conn.ManagedClientConnectionImpl@38732372
[main] DEBUG org.apache.http.impl.conn.BasicClientConnectionManager  - Connection can be kept alive for 60000 MILLISECONDS
